[4.410s] Invoking command in '/home/ubuntu/ros2_ws/src/motor_control': PYTHONPATH=/home/ubuntu/ros2_ws/build/motor_control/prefix_override:/usr/lib/python3/dist-packages/colcon_core/task/python/colcon_distutils_commands:/home/ubuntu/ros2_ws/install/motor_control/lib/python3.10/site-packages:${PYTHONPATH} /usr/bin/python3 -W ignore:setup.py install is deprecated -W ignore:easy_install command is deprecated setup.py egg_info --egg-base ../../build/motor_control build --build-base /home/ubuntu/ros2_ws/build/motor_control/build install --record /home/ubuntu/ros2_ws/build/motor_control/install.log --single-version-externally-managed install_data
[5.516s] running egg_info
[5.518s] creating ../../build/motor_control/motor_control.egg-info
[5.519s] writing ../../build/motor_control/motor_control.egg-info/PKG-INFO
[5.520s] writing dependency_links to ../../build/motor_control/motor_control.egg-info/dependency_links.txt
[5.521s] writing entry points to ../../build/motor_control/motor_control.egg-info/entry_points.txt
[5.521s] writing requirements to ../../build/motor_control/motor_control.egg-info/requires.txt
[5.522s] writing top-level names to ../../build/motor_control/motor_control.egg-info/top_level.txt
[5.523s] writing manifest file '../../build/motor_control/motor_control.egg-info/SOURCES.txt'
[5.530s] reading manifest file '../../build/motor_control/motor_control.egg-info/SOURCES.txt'
[5.534s] writing manifest file '../../build/motor_control/motor_control.egg-info/SOURCES.txt'
[5.535s] running build
[5.535s] running build_py
[5.536s] creating /home/ubuntu/ros2_ws/build/motor_control/build
[5.536s] creating /home/ubuntu/ros2_ws/build/motor_control/build/lib
[5.537s] creating /home/ubuntu/ros2_ws/build/motor_control/build/lib/motor_control
[5.537s] copying motor_control/__init__.py -> /home/ubuntu/ros2_ws/build/motor_control/build/lib/motor_control
[5.537s] copying motor_control/motor_control.py -> /home/ubuntu/ros2_ws/build/motor_control/build/lib/motor_control
[5.538s] running install
[5.541s] running install_lib
[5.544s] creating /home/ubuntu/ros2_ws/install/motor_control/lib/python3.10/site-packages/motor_control
[5.544s] copying /home/ubuntu/ros2_ws/build/motor_control/build/lib/motor_control/__init__.py -> /home/ubuntu/ros2_ws/install/motor_control/lib/python3.10/site-packages/motor_control
[5.545s] copying /home/ubuntu/ros2_ws/build/motor_control/build/lib/motor_control/motor_control.py -> /home/ubuntu/ros2_ws/install/motor_control/lib/python3.10/site-packages/motor_control
[5.548s] byte-compiling /home/ubuntu/ros2_ws/install/motor_control/lib/python3.10/site-packages/motor_control/__init__.py to __init__.cpython-310.pyc
[5.550s] byte-compiling /home/ubuntu/ros2_ws/install/motor_control/lib/python3.10/site-packages/motor_control/motor_control.py to motor_control.cpython-310.pyc
[5.552s] running install_data
[5.553s] creating /home/ubuntu/ros2_ws/install/motor_control/share/ament_index
[5.554s] creating /home/ubuntu/ros2_ws/install/motor_control/share/ament_index/resource_index
[5.554s] creating /home/ubuntu/ros2_ws/install/motor_control/share/ament_index/resource_index/packages
[5.555s] copying resource/motor_control -> /home/ubuntu/ros2_ws/install/motor_control/share/ament_index/resource_index/packages
[5.555s] copying package.xml -> /home/ubuntu/ros2_ws/install/motor_control/share/motor_control
[5.555s] running install_egg_info
[5.563s] Copying ../../build/motor_control/motor_control.egg-info to /home/ubuntu/ros2_ws/install/motor_control/lib/python3.10/site-packages/motor_control-0.0.0-py3.10.egg-info
[5.569s] running install_scripts
[5.659s] Installing motor_control script to /home/ubuntu/ros2_ws/install/motor_control/lib/motor_control
[5.661s] writing list of installed files to '/home/ubuntu/ros2_ws/build/motor_control/install.log'
[5.788s] Invoked command in '/home/ubuntu/ros2_ws/src/motor_control' returned '0': PYTHONPATH=/home/ubuntu/ros2_ws/build/motor_control/prefix_override:/usr/lib/python3/dist-packages/colcon_core/task/python/colcon_distutils_commands:/home/ubuntu/ros2_ws/install/motor_control/lib/python3.10/site-packages:${PYTHONPATH} /usr/bin/python3 -W ignore:setup.py install is deprecated -W ignore:easy_install command is deprecated setup.py egg_info --egg-base ../../build/motor_control build --build-base /home/ubuntu/ros2_ws/build/motor_control/build install --record /home/ubuntu/ros2_ws/build/motor_control/install.log --single-version-externally-managed install_data
