[5.143s] Invoking command in '/home/ubuntu/ros2_ws/src/motor_control': PYTHONPATH=/home/ubuntu/ros2_ws/build/motor_control/prefix_override:/usr/lib/python3/dist-packages/colcon_core/task/python/colcon_distutils_commands:/home/ubuntu/ros2_ws/install/motor_control/lib/python3.10/site-packages:${PYTHONPATH} /usr/bin/python3 -W ignore:setup.py install is deprecated -W ignore:easy_install command is deprecated setup.py egg_info --egg-base ../../build/motor_control build --build-base /home/ubuntu/ros2_ws/build/motor_control/build install --record /home/ubuntu/ros2_ws/build/motor_control/install.log --single-version-externally-managed install_data
[6.491s] running egg_info
[6.496s] writing ../../build/motor_control/motor_control.egg-info/PKG-INFO
[6.502s] writing dependency_links to ../../build/motor_control/motor_control.egg-info/dependency_links.txt
[6.504s] writing entry points to ../../build/motor_control/motor_control.egg-info/entry_points.txt
[6.513s] writing requirements to ../../build/motor_control/motor_control.egg-info/requires.txt
[6.514s] writing top-level names to ../../build/motor_control/motor_control.egg-info/top_level.txt
[6.521s] reading manifest file '../../build/motor_control/motor_control.egg-info/SOURCES.txt'
[6.531s] writing manifest file '../../build/motor_control/motor_control.egg-info/SOURCES.txt'
[6.531s] running build
[6.531s] running build_py
[6.547s] running install
[6.548s] running install_lib
[6.567s] running install_data
[6.569s] running install_egg_info
[6.584s] removing '/home/ubuntu/ros2_ws/install/motor_control/lib/python3.10/site-packages/motor_control-0.0.0-py3.10.egg-info' (and everything under it)
[6.587s] Copying ../../build/motor_control/motor_control.egg-info to /home/ubuntu/ros2_ws/install/motor_control/lib/python3.10/site-packages/motor_control-0.0.0-py3.10.egg-info
[6.603s] running install_scripts
[6.737s] Installing motor_control script to /home/ubuntu/ros2_ws/install/motor_control/lib/motor_control
[6.743s] writing list of installed files to '/home/ubuntu/ros2_ws/build/motor_control/install.log'
[7.222s] Invoked command in '/home/ubuntu/ros2_ws/src/motor_control' returned '0': PYTHONPATH=/home/ubuntu/ros2_ws/build/motor_control/prefix_override:/usr/lib/python3/dist-packages/colcon_core/task/python/colcon_distutils_commands:/home/ubuntu/ros2_ws/install/motor_control/lib/python3.10/site-packages:${PYTHONPATH} /usr/bin/python3 -W ignore:setup.py install is deprecated -W ignore:easy_install command is deprecated setup.py egg_info --egg-base ../../build/motor_control build --build-base /home/ubuntu/ros2_ws/build/motor_control/build install --record /home/ubuntu/ros2_ws/build/motor_control/install.log --single-version-externally-managed install_data
