[6.605s] Invoking command in '/home/ubuntu/ros2_ws/src/motor_control': PYTHONPATH=/home/ubuntu/ros2_ws/src/build/motor_control/prefix_override:/usr/lib/python3/dist-packages/colcon_core/task/python/colcon_distutils_commands:/home/ubuntu/ros2_ws/src/install/motor_control/lib/python3.10/site-packages:${PYTHONPATH} /usr/bin/python3 -W ignore:setup.py install is deprecated -W ignore:easy_install command is deprecated setup.py egg_info --egg-base ../build/motor_control build --build-base /home/ubuntu/ros2_ws/src/build/motor_control/build install --record /home/ubuntu/ros2_ws/src/build/motor_control/install.log --single-version-externally-managed install_data
[9.099s] running egg_info
[9.105s] writing ../build/motor_control/motor_control.egg-info/PKG-INFO
[9.107s] writing dependency_links to ../build/motor_control/motor_control.egg-info/dependency_links.txt
[9.110s] writing entry points to ../build/motor_control/motor_control.egg-info/entry_points.txt
[9.112s] writing requirements to ../build/motor_control/motor_control.egg-info/requires.txt
[9.113s] writing top-level names to ../build/motor_control/motor_control.egg-info/top_level.txt
[9.133s] reading manifest file '../build/motor_control/motor_control.egg-info/SOURCES.txt'
[9.142s] writing manifest file '../build/motor_control/motor_control.egg-info/SOURCES.txt'
[9.144s] running build
[9.145s] running build_py
[9.148s] running install
[9.151s] running install_lib
[9.165s] running install_data
[9.167s] running install_egg_info
[9.186s] removing '/home/ubuntu/ros2_ws/src/install/motor_control/lib/python3.10/site-packages/motor_control-0.0.0-py3.10.egg-info' (and everything under it)
[9.190s] Copying ../build/motor_control/motor_control.egg-info to /home/ubuntu/ros2_ws/src/install/motor_control/lib/python3.10/site-packages/motor_control-0.0.0-py3.10.egg-info
[9.204s] running install_scripts
[9.411s] Installing motor_control script to /home/ubuntu/ros2_ws/src/install/motor_control/lib/motor_control
[9.415s] writing list of installed files to '/home/ubuntu/ros2_ws/src/build/motor_control/install.log'
[9.643s] Invoked command in '/home/ubuntu/ros2_ws/src/motor_control' returned '0': PYTHONPATH=/home/ubuntu/ros2_ws/src/build/motor_control/prefix_override:/usr/lib/python3/dist-packages/colcon_core/task/python/colcon_distutils_commands:/home/ubuntu/ros2_ws/src/install/motor_control/lib/python3.10/site-packages:${PYTHONPATH} /usr/bin/python3 -W ignore:setup.py install is deprecated -W ignore:easy_install command is deprecated setup.py egg_info --egg-base ../build/motor_control build --build-base /home/ubuntu/ros2_ws/src/build/motor_control/build install --record /home/ubuntu/ros2_ws/src/build/motor_control/install.log --single-version-externally-managed install_data
