[5.052s] Invoking command in '/home/ubuntu/ros2_ws/src/my_package': PYTHONPATH=/home/ubuntu/ros2_ws/build/my_package/prefix_override:/usr/lib/python3/dist-packages/colcon_core/task/python/colcon_distutils_commands:/home/ubuntu/ros2_ws/install/my_package/lib/python3.10/site-packages:${PYTHONPATH} /usr/bin/python3 -W ignore:setup.py install is deprecated -W ignore:easy_install command is deprecated setup.py egg_info --egg-base ../../build/my_package build --build-base /home/ubuntu/ros2_ws/build/my_package/build install --record /home/ubuntu/ros2_ws/build/my_package/install.log --single-version-externally-managed install_data
[6.339s] running egg_info
[6.342s] writing ../../build/my_package/my_package.egg-info/PKG-INFO
[6.348s] writing dependency_links to ../../build/my_package/my_package.egg-info/dependency_links.txt
[6.350s] writing entry points to ../../build/my_package/my_package.egg-info/entry_points.txt
[6.351s] writing requirements to ../../build/my_package/my_package.egg-info/requires.txt
[6.352s] writing top-level names to ../../build/my_package/my_package.egg-info/top_level.txt
[6.362s] reading manifest file '../../build/my_package/my_package.egg-info/SOURCES.txt'
[6.369s] writing manifest file '../../build/my_package/my_package.egg-info/SOURCES.txt'
[6.370s] running build
[6.370s] running build_py
[6.374s] running install
[6.375s] running install_lib
[6.386s] running install_data
[6.388s] running install_egg_info
[6.399s] removing '/home/ubuntu/ros2_ws/install/my_package/lib/python3.10/site-packages/my_package-0.0.0-py3.10.egg-info' (and everything under it)
[6.401s] Copying ../../build/my_package/my_package.egg-info to /home/ubuntu/ros2_ws/install/my_package/lib/python3.10/site-packages/my_package-0.0.0-py3.10.egg-info
[6.411s] running install_scripts
[6.514s] Installing motor_listener script to /home/ubuntu/ros2_ws/install/my_package/lib/my_package
[6.521s] writing list of installed files to '/home/ubuntu/ros2_ws/build/my_package/install.log'
[6.715s] Invoked command in '/home/ubuntu/ros2_ws/src/my_package' returned '0': PYTHONPATH=/home/ubuntu/ros2_ws/build/my_package/prefix_override:/usr/lib/python3/dist-packages/colcon_core/task/python/colcon_distutils_commands:/home/ubuntu/ros2_ws/install/my_package/lib/python3.10/site-packages:${PYTHONPATH} /usr/bin/python3 -W ignore:setup.py install is deprecated -W ignore:easy_install command is deprecated setup.py egg_info --egg-base ../../build/my_package build --build-base /home/ubuntu/ros2_ws/build/my_package/build install --record /home/ubuntu/ros2_ws/build/my_package/install.log --single-version-externally-managed install_data
