[4.472s] Invoking command in '/home/ubuntu/ros2_ws/src/motor_control': PYTHONPATH=/home/ubuntu/ros2_ws/build/motor_control/prefix_override:/usr/lib/python3/dist-packages/colcon_core/task/python/colcon_distutils_commands:/home/ubuntu/ros2_ws/install/motor_control/lib/python3.10/site-packages:${PYTHONPATH} /usr/bin/python3 -W ignore:setup.py install is deprecated -W ignore:easy_install command is deprecated setup.py egg_info --egg-base ../../build/motor_control build --build-base /home/ubuntu/ros2_ws/build/motor_control/build install --record /home/ubuntu/ros2_ws/build/motor_control/install.log --single-version-externally-managed install_data
[6.335s] running egg_info
[6.341s] writing ../../build/motor_control/motor_control.egg-info/PKG-INFO
[6.343s] writing dependency_links to ../../build/motor_control/motor_control.egg-info/dependency_links.txt
[6.346s] writing entry points to ../../build/motor_control/motor_control.egg-info/entry_points.txt
[6.348s] writing requirements to ../../build/motor_control/motor_control.egg-info/requires.txt
[6.349s] writing top-level names to ../../build/motor_control/motor_control.egg-info/top_level.txt
[6.368s] reading manifest file '../../build/motor_control/motor_control.egg-info/SOURCES.txt'
[6.378s] writing manifest file '../../build/motor_control/motor_control.egg-info/SOURCES.txt'
[6.380s] running build
[6.381s] running build_py
[6.383s] copying motor_control/motor_control.py -> /home/ubuntu/ros2_ws/build/motor_control/build/lib/motor_control
[6.386s] running install
[6.389s] running install_lib
[6.398s] copying /home/ubuntu/ros2_ws/build/motor_control/build/lib/motor_control/motor_control.py -> /home/ubuntu/ros2_ws/install/motor_control/lib/python3.10/site-packages/motor_control
[6.404s] byte-compiling /home/ubuntu/ros2_ws/install/motor_control/lib/python3.10/site-packages/motor_control/motor_control.py to motor_control.cpython-310.pyc
[6.412s] running install_data
[6.414s] running install_egg_info
[6.432s] removing '/home/ubuntu/ros2_ws/install/motor_control/lib/python3.10/site-packages/motor_control-0.0.0-py3.10.egg-info' (and everything under it)
[6.436s] Copying ../../build/motor_control/motor_control.egg-info to /home/ubuntu/ros2_ws/install/motor_control/lib/python3.10/site-packages/motor_control-0.0.0-py3.10.egg-info
[6.451s] running install_scripts
[6.656s] Installing motor_control script to /home/ubuntu/ros2_ws/install/motor_control/lib/motor_control
[6.660s] writing list of installed files to '/home/ubuntu/ros2_ws/build/motor_control/install.log'
[6.882s] Invoked command in '/home/ubuntu/ros2_ws/src/motor_control' returned '0': PYTHONPATH=/home/ubuntu/ros2_ws/build/motor_control/prefix_override:/usr/lib/python3/dist-packages/colcon_core/task/python/colcon_distutils_commands:/home/ubuntu/ros2_ws/install/motor_control/lib/python3.10/site-packages:${PYTHONPATH} /usr/bin/python3 -W ignore:setup.py install is deprecated -W ignore:easy_install command is deprecated setup.py egg_info --egg-base ../../build/motor_control build --build-base /home/ubuntu/ros2_ws/build/motor_control/build install --record /home/ubuntu/ros2_ws/build/motor_control/install.log --single-version-externally-managed install_data
