[7.455s] Invoking command in '/home/ubuntu/ros2_ws/src/my_package': PYTHONPATH=/home/ubuntu/ros2_ws/build/my_package/prefix_override:/usr/lib/python3/dist-packages/colcon_core/task/python/colcon_distutils_commands:/home/ubuntu/ros2_ws/install/my_package/lib/python3.10/site-packages:${PYTHONPATH} /usr/bin/python3 -W ignore:setup.py install is deprecated -W ignore:easy_install command is deprecated setup.py egg_info --egg-base ../../build/my_package build --build-base /home/ubuntu/ros2_ws/build/my_package/build install --record /home/ubuntu/ros2_ws/build/my_package/install.log --single-version-externally-managed install_data
[10.423s] running egg_info
[10.430s] writing ../../build/my_package/my_package.egg-info/PKG-INFO
[10.433s] writing dependency_links to ../../build/my_package/my_package.egg-info/dependency_links.txt
[10.435s] writing entry points to ../../build/my_package/my_package.egg-info/entry_points.txt
[10.437s] writing requirements to ../../build/my_package/my_package.egg-info/requires.txt
[10.440s] writing top-level names to ../../build/my_package/my_package.egg-info/top_level.txt
[10.459s] reading manifest file '../../build/my_package/my_package.egg-info/SOURCES.txt'
[10.470s] writing manifest file '../../build/my_package/my_package.egg-info/SOURCES.txt'
[10.472s] running build
[10.473s] running build_py
[10.474s] copying my_package/motor_listener.py -> /home/ubuntu/ros2_ws/build/my_package/build/lib/my_package
[10.478s] running install
[10.481s] running install_lib
[10.491s] copying /home/ubuntu/ros2_ws/build/my_package/build/lib/my_package/motor_listener.py -> /home/ubuntu/ros2_ws/install/my_package/lib/python3.10/site-packages/my_package
[10.499s] byte-compiling /home/ubuntu/ros2_ws/install/my_package/lib/python3.10/site-packages/my_package/motor_listener.py to motor_listener.cpython-310.pyc
[10.501s] running install_data
[10.503s] Sorry: TabError: inconsistent use of tabs and spaces in indentation (motor_listener.py, line 7)
[10.504s] running install_egg_info
[10.522s] removing '/home/ubuntu/ros2_ws/install/my_package/lib/python3.10/site-packages/my_package-0.0.0-py3.10.egg-info' (and everything under it)
[10.526s] Copying ../../build/my_package/my_package.egg-info to /home/ubuntu/ros2_ws/install/my_package/lib/python3.10/site-packages/my_package-0.0.0-py3.10.egg-info
[10.547s] running install_scripts
[10.777s] Installing motor_listener script to /home/ubuntu/ros2_ws/install/my_package/lib/my_package
[10.781s] writing list of installed files to '/home/ubuntu/ros2_ws/build/my_package/install.log'
[11.020s] Invoked command in '/home/ubuntu/ros2_ws/src/my_package' returned '0': PYTHONPATH=/home/ubuntu/ros2_ws/build/my_package/prefix_override:/usr/lib/python3/dist-packages/colcon_core/task/python/colcon_distutils_commands:/home/ubuntu/ros2_ws/install/my_package/lib/python3.10/site-packages:${PYTHONPATH} /usr/bin/python3 -W ignore:setup.py install is deprecated -W ignore:easy_install command is deprecated setup.py egg_info --egg-base ../../build/my_package build --build-base /home/ubuntu/ros2_ws/build/my_package/build install --record /home/ubuntu/ros2_ws/build/my_package/install.log --single-version-externally-managed install_data
