[4.472s] Invoking command in '/home/ubuntu/ros2_ws/src/my_package': PYTHONPATH=/home/ubuntu/ros2_ws/build/my_package/prefix_override:/usr/lib/python3/dist-packages/colcon_core/task/python/colcon_distutils_commands:/home/ubuntu/ros2_ws/install/my_package/lib/python3.10/site-packages:${PYTHONPATH} /usr/bin/python3 -W ignore:setup.py install is deprecated -W ignore:easy_install command is deprecated setup.py egg_info --egg-base ../../build/my_package build --build-base /home/ubuntu/ros2_ws/build/my_package/build install --record /home/ubuntu/ros2_ws/build/my_package/install.log --single-version-externally-managed install_data
[5.734s] running egg_info
[5.737s] writing ../../build/my_package/my_package.egg-info/PKG-INFO
[5.739s] writing dependency_links to ../../build/my_package/my_package.egg-info/dependency_links.txt
[5.739s] writing entry points to ../../build/my_package/my_package.egg-info/entry_points.txt
[5.740s] writing requirements to ../../build/my_package/my_package.egg-info/requires.txt
[5.741s] writing top-level names to ../../build/my_package/my_package.egg-info/top_level.txt
[5.750s] reading manifest file '../../build/my_package/my_package.egg-info/SOURCES.txt'
[5.756s] writing manifest file '../../build/my_package/my_package.egg-info/SOURCES.txt'
[5.757s] running build
[5.758s] running build_py
[5.759s] running install
[5.760s] running install_lib
[5.767s] running install_data
[5.768s] running install_egg_info
[5.777s] removing '/home/ubuntu/ros2_ws/install/my_package/lib/python3.10/site-packages/my_package-0.0.0-py3.10.egg-info' (and everything under it)
[5.779s] Copying ../../build/my_package/my_package.egg-info to /home/ubuntu/ros2_ws/install/my_package/lib/python3.10/site-packages/my_package-0.0.0-py3.10.egg-info
[5.786s] running install_scripts
[5.886s] Installing motor_listener script to /home/ubuntu/ros2_ws/install/my_package/lib/my_package
[5.888s] writing list of installed files to '/home/ubuntu/ros2_ws/build/my_package/install.log'
[6.082s] Invoked command in '/home/ubuntu/ros2_ws/src/my_package' returned '0': PYTHONPATH=/home/ubuntu/ros2_ws/build/my_package/prefix_override:/usr/lib/python3/dist-packages/colcon_core/task/python/colcon_distutils_commands:/home/ubuntu/ros2_ws/install/my_package/lib/python3.10/site-packages:${PYTHONPATH} /usr/bin/python3 -W ignore:setup.py install is deprecated -W ignore:easy_install command is deprecated setup.py egg_info --egg-base ../../build/my_package build --build-base /home/ubuntu/ros2_ws/build/my_package/build install --record /home/ubuntu/ros2_ws/build/my_package/install.log --single-version-externally-managed install_data
