[1.279s] DEBUG:colcon:Command line arguments: ['/usr/bin/colcon', 'build']
[1.280s] DEBUG:colcon:Parsed command line arguments: Namespace(log_base=None, log_level=None, verb_name='build', build_base='build', install_base='install', merge_install=False, symlink_install=False, test_result_base=None, continue_on_error=False, executor='parallel', parallel_workers=4, event_handlers=None, ignore_user_meta=False, metas=['./colcon.meta'], base_paths=['.'], packages_ignore=None, packages_ignore_regex=None, paths=None, packages_up_to=None, packages_up_to_regex=None, packages_above=None, packages_above_and_dependencies=None, packages_above_depth=None, packages_select_by_dep=None, packages_skip_by_dep=None, packages_skip_up_to=None, packages_select_build_failed=False, packages_skip_build_finished=False, packages_select_test_failures=False, packages_skip_test_passed=False, packages_select=None, packages_skip=None, packages_select_regex=None, packages_skip_regex=None, packages_start=None, packages_end=None, allow_overriding=[], cmake_args=None, cmake_target=None, cmake_target_skip_unavailable=False, cmake_clean_cache=False, cmake_clean_first=False, cmake_force_configure=False, ament_cmake_args=None, catkin_cmake_args=None, catkin_skip_building_tests=False, verb_parser=<colcon_defaults.argument_parser.defaults.DefaultArgumentsDecorator object at 0xffff8ec3da80>, verb_extension=<colcon_core.verb.build.BuildVerb object at 0xffff8ed4eef0>, main=<bound method BuildVerb.main of <colcon_core.verb.build.BuildVerb object at 0xffff8ed4eef0>>)
[3.426s] Level 1:colcon.colcon_core.package_discovery:discover_packages(colcon_meta) check parameters
[3.427s] Level 1:colcon.colcon_core.package_discovery:discover_packages(recursive) check parameters
[3.427s] Level 1:colcon.colcon_core.package_discovery:discover_packages(ignore) check parameters
[3.427s] Level 1:colcon.colcon_core.package_discovery:discover_packages(path) check parameters
[3.428s] Level 1:colcon.colcon_core.package_discovery:discover_packages(colcon_meta) discover
[3.428s] Level 1:colcon.colcon_core.package_discovery:discover_packages(recursive) discover
[3.429s] INFO:colcon.colcon_core.package_discovery:Crawling recursively for packages in '/home/ubuntu/ros2_ws'
[3.430s] Level 1:colcon.colcon_core.package_identification:_identify(.) by extensions ['ignore', 'ignore_ament_install']
[3.431s] Level 1:colcon.colcon_core.package_identification:_identify(.) by extension 'ignore'
[3.432s] Level 1:colcon.colcon_core.package_identification:_identify(.) by extension 'ignore_ament_install'
[3.433s] Level 1:colcon.colcon_core.package_identification:_identify(.) by extensions ['colcon_pkg']
[3.433s] Level 1:colcon.colcon_core.package_identification:_identify(.) by extension 'colcon_pkg'
[3.434s] Level 1:colcon.colcon_core.package_identification:_identify(.) by extensions ['colcon_meta']
[3.434s] Level 1:colcon.colcon_core.package_identification:_identify(.) by extension 'colcon_meta'
[3.434s] Level 1:colcon.colcon_core.package_identification:_identify(.) by extensions ['ros']
[3.435s] Level 1:colcon.colcon_core.package_identification:_identify(.) by extension 'ros'
[3.567s] Level 1:colcon.colcon_core.package_identification:_identify(.) by extensions ['cmake', 'python']
[3.568s] Level 1:colcon.colcon_core.package_identification:_identify(.) by extension 'cmake'
[3.569s] Level 1:colcon.colcon_core.package_identification:_identify(.) by extension 'python'
[3.569s] Level 1:colcon.colcon_core.package_identification:_identify(.) by extensions ['python_setup_py']
[3.570s] Level 1:colcon.colcon_core.package_identification:_identify(.) by extension 'python_setup_py'
[3.571s] Level 1:colcon.colcon_core.package_identification:_identify(build) by extensions ['ignore', 'ignore_ament_install']
[3.572s] Level 1:colcon.colcon_core.package_identification:_identify(build) by extension 'ignore'
[3.573s] Level 1:colcon.colcon_core.package_identification:_identify(build) ignored
[3.574s] Level 1:colcon.colcon_core.package_identification:_identify(install) by extensions ['ignore', 'ignore_ament_install']
[3.575s] Level 1:colcon.colcon_core.package_identification:_identify(install) by extension 'ignore'
[3.576s] Level 1:colcon.colcon_core.package_identification:_identify(install) ignored
[3.577s] Level 1:colcon.colcon_core.package_identification:_identify(log) by extensions ['ignore', 'ignore_ament_install']
[3.578s] Level 1:colcon.colcon_core.package_identification:_identify(log) by extension 'ignore'
[3.579s] Level 1:colcon.colcon_core.package_identification:_identify(log) ignored
[3.580s] Level 1:colcon.colcon_core.package_identification:_identify(src) by extensions ['ignore', 'ignore_ament_install']
[3.581s] Level 1:colcon.colcon_core.package_identification:_identify(src) by extension 'ignore'
[3.582s] Level 1:colcon.colcon_core.package_identification:_identify(src) by extension 'ignore_ament_install'
[3.582s] Level 1:colcon.colcon_core.package_identification:_identify(src) by extensions ['colcon_pkg']
[3.583s] Level 1:colcon.colcon_core.package_identification:_identify(src) by extension 'colcon_pkg'
[3.583s] Level 1:colcon.colcon_core.package_identification:_identify(src) by extensions ['colcon_meta']
[3.583s] Level 1:colcon.colcon_core.package_identification:_identify(src) by extension 'colcon_meta'
[3.584s] Level 1:colcon.colcon_core.package_identification:_identify(src) by extensions ['ros']
[3.584s] Level 1:colcon.colcon_core.package_identification:_identify(src) by extension 'ros'
[3.585s] Level 1:colcon.colcon_core.package_identification:_identify(src) by extensions ['cmake', 'python']
[3.586s] Level 1:colcon.colcon_core.package_identification:_identify(src) by extension 'cmake'
[3.586s] Level 1:colcon.colcon_core.package_identification:_identify(src) by extension 'python'
[3.587s] Level 1:colcon.colcon_core.package_identification:_identify(src) by extensions ['python_setup_py']
[3.587s] Level 1:colcon.colcon_core.package_identification:_identify(src) by extension 'python_setup_py'
[3.589s] Level 1:colcon.colcon_core.package_identification:_identify(src/my_package) by extensions ['ignore', 'ignore_ament_install']
[3.590s] Level 1:colcon.colcon_core.package_identification:_identify(src/my_package) by extension 'ignore'
[3.590s] Level 1:colcon.colcon_core.package_identification:_identify(src/my_package) by extension 'ignore_ament_install'
[3.591s] Level 1:colcon.colcon_core.package_identification:_identify(src/my_package) by extensions ['colcon_pkg']
[3.592s] Level 1:colcon.colcon_core.package_identification:_identify(src/my_package) by extension 'colcon_pkg'
[3.592s] Level 1:colcon.colcon_core.package_identification:_identify(src/my_package) by extensions ['colcon_meta']
[3.593s] Level 1:colcon.colcon_core.package_identification:_identify(src/my_package) by extension 'colcon_meta'
[3.593s] Level 1:colcon.colcon_core.package_identification:_identify(src/my_package) by extensions ['ros']
[3.594s] Level 1:colcon.colcon_core.package_identification:_identify(src/my_package) by extension 'ros'
[3.643s] DEBUG:colcon.colcon_core.package_identification:Package 'src/my_package' with type 'ros.ament_python' and name 'my_package'
[3.643s] Level 1:colcon.colcon_core.package_discovery:discover_packages(recursive) using defaults
[3.644s] Level 1:colcon.colcon_core.package_discovery:discover_packages(ignore) discover
[3.644s] Level 1:colcon.colcon_core.package_discovery:discover_packages(ignore) using defaults
[3.645s] Level 1:colcon.colcon_core.package_discovery:discover_packages(path) discover
[3.645s] Level 1:colcon.colcon_core.package_discovery:discover_packages(path) using defaults
[3.863s] Level 1:colcon.colcon_core.package_discovery:discover_packages(prefix_path) check parameters
[3.864s] Level 1:colcon.colcon_core.package_discovery:discover_packages(prefix_path) discover
[3.884s] DEBUG:colcon.colcon_installed_package_information.package_discovery:Found 0 installed packages in /home/ubuntu/ros2_ws/install
[3.902s] DEBUG:colcon.colcon_installed_package_information.package_discovery:Found 184 installed packages in /opt/ros/humble
[3.916s] Level 1:colcon.colcon_core.package_discovery:discover_packages(prefix_path) using defaults
[4.349s] Level 5:colcon.colcon_core.verb:set package 'my_package' build argument 'cmake_args' from command line to 'None'
[4.350s] Level 5:colcon.colcon_core.verb:set package 'my_package' build argument 'cmake_target' from command line to 'None'
[4.350s] Level 5:colcon.colcon_core.verb:set package 'my_package' build argument 'cmake_target_skip_unavailable' from command line to 'False'
[4.351s] Level 5:colcon.colcon_core.verb:set package 'my_package' build argument 'cmake_clean_cache' from command line to 'False'
[4.351s] Level 5:colcon.colcon_core.verb:set package 'my_package' build argument 'cmake_clean_first' from command line to 'False'
[4.351s] Level 5:colcon.colcon_core.verb:set package 'my_package' build argument 'cmake_force_configure' from command line to 'False'
[4.351s] Level 5:colcon.colcon_core.verb:set package 'my_package' build argument 'ament_cmake_args' from command line to 'None'
[4.352s] Level 5:colcon.colcon_core.verb:set package 'my_package' build argument 'catkin_cmake_args' from command line to 'None'
[4.352s] Level 5:colcon.colcon_core.verb:set package 'my_package' build argument 'catkin_skip_building_tests' from command line to 'False'
[4.353s] DEBUG:colcon.colcon_core.verb:Building package 'my_package' with the following arguments: {'ament_cmake_args': None, 'build_base': '/home/ubuntu/ros2_ws/build/my_package', 'catkin_cmake_args': None, 'catkin_skip_building_tests': False, 'cmake_args': None, 'cmake_clean_cache': False, 'cmake_clean_first': False, 'cmake_force_configure': False, 'cmake_target': None, 'cmake_target_skip_unavailable': False, 'install_base': '/home/ubuntu/ros2_ws/install/my_package', 'merge_install': False, 'path': '/home/ubuntu/ros2_ws/src/my_package', 'symlink_install': False, 'test_result_base': None}
[4.354s] INFO:colcon.colcon_core.executor:Executing jobs using 'parallel' executor
[4.362s] DEBUG:colcon.colcon_parallel_executor.executor.parallel:run_until_complete
[4.364s] INFO:colcon.colcon_ros.task.ament_python.build:Building ROS package in '/home/ubuntu/ros2_ws/src/my_package' with build type 'ament_python'
[4.366s] Level 1:colcon.colcon_core.shell:create_environment_hook('my_package', 'ament_prefix_path')
[4.395s] INFO:colcon.colcon_core.plugin_system:Skipping extension 'colcon_core.shell.bat': Not used on non-Windows systems
[4.398s] INFO:colcon.colcon_core.shell:Creating environment hook '/home/ubuntu/ros2_ws/install/my_package/share/my_package/hook/ament_prefix_path.ps1'
[4.406s] INFO:colcon.colcon_core.shell:Creating environment descriptor '/home/ubuntu/ros2_ws/install/my_package/share/my_package/hook/ament_prefix_path.dsv'
[4.411s] INFO:colcon.colcon_core.shell:Creating environment hook '/home/ubuntu/ros2_ws/install/my_package/share/my_package/hook/ament_prefix_path.sh'
[4.420s] INFO:colcon.colcon_core.shell:Skip shell extension 'powershell' for command environment: Not usable outside of PowerShell
[4.420s] DEBUG:colcon.colcon_core.shell:Skip shell extension 'dsv' for command environment
[7.537s] INFO:colcon.colcon_core.task.python.build:Building Python package in '/home/ubuntu/ros2_ws/src/my_package'
[7.539s] INFO:colcon.colcon_core.shell:Skip shell extension 'powershell' for command environment: Not usable outside of PowerShell
[7.540s] DEBUG:colcon.colcon_core.shell:Skip shell extension 'dsv' for command environment
[12.546s] DEBUG:colcon.colcon_core.event_handler.log_command:Invoking command in '/home/ubuntu/ros2_ws/src/my_package': PYTHONPATH=/home/ubuntu/ros2_ws/build/my_package/prefix_override:/usr/lib/python3/dist-packages/colcon_core/task/python/colcon_distutils_commands:/home/ubuntu/ros2_ws/install/my_package/lib/python3.10/site-packages:${PYTHONPATH} /usr/bin/python3 -W ignore:setup.py install is deprecated -W ignore:easy_install command is deprecated setup.py egg_info --egg-base ../../build/my_package build --build-base /home/ubuntu/ros2_ws/build/my_package/build install --record /home/ubuntu/ros2_ws/build/my_package/install.log --single-version-externally-managed install_data
[16.074s] DEBUG:colcon.colcon_core.event_handler.log_command:Invoked command in '/home/ubuntu/ros2_ws/src/my_package' returned '0': PYTHONPATH=/home/ubuntu/ros2_ws/build/my_package/prefix_override:/usr/lib/python3/dist-packages/colcon_core/task/python/colcon_distutils_commands:/home/ubuntu/ros2_ws/install/my_package/lib/python3.10/site-packages:${PYTHONPATH} /usr/bin/python3 -W ignore:setup.py install is deprecated -W ignore:easy_install command is deprecated setup.py egg_info --egg-base ../../build/my_package build --build-base /home/ubuntu/ros2_ws/build/my_package/build install --record /home/ubuntu/ros2_ws/build/my_package/install.log --single-version-externally-managed install_data
[16.108s] Level 1:colcon.colcon_core.environment:checking '/home/ubuntu/ros2_ws/install/my_package' for CMake module files
[16.113s] Level 1:colcon.colcon_core.environment:checking '/home/ubuntu/ros2_ws/install/my_package' for CMake config files
[16.122s] Level 1:colcon.colcon_core.environment:checking '/home/ubuntu/ros2_ws/install/my_package/lib'
[16.124s] Level 1:colcon.colcon_core.environment:checking '/home/ubuntu/ros2_ws/install/my_package/bin'
[16.125s] Level 1:colcon.colcon_core.environment:checking '/home/ubuntu/ros2_ws/install/my_package/lib/pkgconfig/my_package.pc'
[16.127s] Level 1:colcon.colcon_core.environment:checking '/home/ubuntu/ros2_ws/install/my_package/lib/python3.10/site-packages'
[16.128s] Level 1:colcon.colcon_core.shell:create_environment_hook('my_package', 'pythonpath')
[16.131s] INFO:colcon.colcon_core.shell:Creating environment hook '/home/ubuntu/ros2_ws/install/my_package/share/my_package/hook/pythonpath.ps1'
[16.135s] INFO:colcon.colcon_core.shell:Creating environment descriptor '/home/ubuntu/ros2_ws/install/my_package/share/my_package/hook/pythonpath.dsv'
[16.140s] INFO:colcon.colcon_core.shell:Creating environment hook '/home/ubuntu/ros2_ws/install/my_package/share/my_package/hook/pythonpath.sh'
[16.149s] Level 1:colcon.colcon_core.environment:checking '/home/ubuntu/ros2_ws/install/my_package/bin'
[16.150s] Level 1:colcon.colcon_core.environment:create_environment_scripts_only(my_package)
[16.153s] INFO:colcon.colcon_core.shell:Creating package script '/home/ubuntu/ros2_ws/install/my_package/share/my_package/package.ps1'
[16.162s] INFO:colcon.colcon_core.shell:Creating package descriptor '/home/ubuntu/ros2_ws/install/my_package/share/my_package/package.dsv'
[16.172s] INFO:colcon.colcon_core.shell:Creating package script '/home/ubuntu/ros2_ws/install/my_package/share/my_package/package.sh'
[16.181s] INFO:colcon.colcon_core.shell:Creating package script '/home/ubuntu/ros2_ws/install/my_package/share/my_package/package.bash'
[16.189s] INFO:colcon.colcon_core.shell:Creating package script '/home/ubuntu/ros2_ws/install/my_package/share/my_package/package.zsh'
[16.202s] Level 1:colcon.colcon_core.environment:create_file_with_runtime_dependencies(/home/ubuntu/ros2_ws/install/my_package/share/colcon-core/packages/my_package)
[16.206s] DEBUG:colcon.colcon_parallel_executor.executor.parallel:closing loop
[16.208s] DEBUG:colcon.colcon_parallel_executor.executor.parallel:loop closed
[16.209s] DEBUG:colcon.colcon_parallel_executor.executor.parallel:run_until_complete finished with '0'
[16.211s] DEBUG:colcon.colcon_core.event_reactor:joining thread
[16.263s] INFO:colcon.colcon_core.plugin_system:Skipping extension 'colcon_notification.desktop_notification.notify_send': Could not find 'notify-send'
[16.264s] INFO:colcon.colcon_core.plugin_system:Skipping extension 'colcon_notification.desktop_notification.terminal_notifier': Not used on non-Darwin systems
[16.264s] INFO:colcon.colcon_core.plugin_system:Skipping extension 'colcon_notification.desktop_notification.win32': Not used on non-Windows systems
[16.265s] INFO:colcon.colcon_notification.desktop_notification:Sending desktop notification using 'notify2'
[16.304s] DEBUG:colcon.colcon_core.event_reactor:joined thread
[16.307s] INFO:colcon.colcon_core.shell:Creating prefix script '/home/ubuntu/ros2_ws/install/local_setup.ps1'
[16.345s] INFO:colcon.colcon_core.shell:Creating prefix util module '/home/ubuntu/ros2_ws/install/_local_setup_util_ps1.py'
[16.365s] INFO:colcon.colcon_core.shell:Creating prefix chain script '/home/ubuntu/ros2_ws/install/setup.ps1'
[16.377s] INFO:colcon.colcon_core.shell:Creating prefix script '/home/ubuntu/ros2_ws/install/local_setup.sh'
[16.387s] INFO:colcon.colcon_core.shell:Creating prefix util module '/home/ubuntu/ros2_ws/install/_local_setup_util_sh.py'
[16.395s] INFO:colcon.colcon_core.shell:Creating prefix chain script '/home/ubuntu/ros2_ws/install/setup.sh'
[16.407s] INFO:colcon.colcon_core.shell:Creating prefix script '/home/ubuntu/ros2_ws/install/local_setup.bash'
[16.414s] INFO:colcon.colcon_core.shell:Creating prefix chain script '/home/ubuntu/ros2_ws/install/setup.bash'
[16.425s] INFO:colcon.colcon_core.shell:Creating prefix script '/home/ubuntu/ros2_ws/install/local_setup.zsh'
[16.432s] INFO:colcon.colcon_core.shell:Creating prefix chain script '/home/ubuntu/ros2_ws/install/setup.zsh'
