[4.564s] Invoking command in '/home/ubuntu/ros2_ws/src/my_package': PYTHONPATH=/home/ubuntu/ros2_ws/build/my_package/prefix_override:/usr/lib/python3/dist-packages/colcon_core/task/python/colcon_distutils_commands:/home/ubuntu/ros2_ws/install/my_package/lib/python3.10/site-packages:${PYTHONPATH} /usr/bin/python3 -W ignore:setup.py install is deprecated -W ignore:easy_install command is deprecated setup.py egg_info --egg-base ../../build/my_package build --build-base /home/ubuntu/ros2_ws/build/my_package/build install --record /home/ubuntu/ros2_ws/build/my_package/install.log --single-version-externally-managed install_data
[5.824s] running egg_info
[5.826s] writing ../../build/my_package/my_package.egg-info/PKG-INFO
[5.828s] writing dependency_links to ../../build/my_package/my_package.egg-info/dependency_links.txt
[5.830s] writing entry points to ../../build/my_package/my_package.egg-info/entry_points.txt
[5.831s] writing requirements to ../../build/my_package/my_package.egg-info/requires.txt
[5.832s] writing top-level names to ../../build/my_package/my_package.egg-info/top_level.txt
[5.840s] reading manifest file '../../build/my_package/my_package.egg-info/SOURCES.txt'
[5.845s] writing manifest file '../../build/my_package/my_package.egg-info/SOURCES.txt'
[5.846s] running build
[5.847s] running build_py
[5.848s] running install
[5.851s] running install_lib
[5.856s] running install_data
[5.857s] running install_egg_info
[5.867s] removing '/home/ubuntu/ros2_ws/install/my_package/lib/python3.10/site-packages/my_package-0.0.0-py3.10.egg-info' (and everything under it)
[5.868s] Copying ../../build/my_package/my_package.egg-info to /home/ubuntu/ros2_ws/install/my_package/lib/python3.10/site-packages/my_package-0.0.0-py3.10.egg-info
[5.876s] running install_scripts
[5.978s] Installing motor_listener script to /home/ubuntu/ros2_ws/install/my_package/lib/my_package
[5.980s] writing list of installed files to '/home/ubuntu/ros2_ws/build/my_package/install.log'
[6.174s] Invoked command in '/home/ubuntu/ros2_ws/src/my_package' returned '0': PYTHONPATH=/home/ubuntu/ros2_ws/build/my_package/prefix_override:/usr/lib/python3/dist-packages/colcon_core/task/python/colcon_distutils_commands:/home/ubuntu/ros2_ws/install/my_package/lib/python3.10/site-packages:${PYTHONPATH} /usr/bin/python3 -W ignore:setup.py install is deprecated -W ignore:easy_install command is deprecated setup.py egg_info --egg-base ../../build/my_package build --build-base /home/ubuntu/ros2_ws/build/my_package/build install --record /home/ubuntu/ros2_ws/build/my_package/install.log --single-version-externally-managed install_data
