[9.568s] Invoking command in '/home/ubuntu/ros2_ws/src/motor_control': PYTHONPATH=/home/ubuntu/ros2_ws/src/build/motor_control/prefix_override:/usr/lib/python3/dist-packages/colcon_core/task/python/colcon_distutils_commands:/home/ubuntu/ros2_ws/src/install/motor_control/lib/python3.10/site-packages:${PYTHONPATH} /usr/bin/python3 -W ignore:setup.py install is deprecated -W ignore:easy_install command is deprecated setup.py egg_info --egg-base ../build/motor_control build --build-base /home/ubuntu/ros2_ws/src/build/motor_control/build install --record /home/ubuntu/ros2_ws/src/build/motor_control/install.log --single-version-externally-managed install_data
[12.371s] running egg_info
[12.375s] writing ../build/motor_control/motor_control.egg-info/PKG-INFO
[12.376s] writing dependency_links to ../build/motor_control/motor_control.egg-info/dependency_links.txt
[12.377s] writing entry points to ../build/motor_control/motor_control.egg-info/entry_points.txt
[12.379s] writing requirements to ../build/motor_control/motor_control.egg-info/requires.txt
[12.380s] writing top-level names to ../build/motor_control/motor_control.egg-info/top_level.txt
[12.389s] reading manifest file '../build/motor_control/motor_control.egg-info/SOURCES.txt'
[12.394s] writing manifest file '../build/motor_control/motor_control.egg-info/SOURCES.txt'
[12.395s] running build
[12.395s] running build_py
[12.398s] running install
[12.399s] running install_lib
[12.406s] running install_data
[12.407s] running install_egg_info
[12.416s] removing '/home/ubuntu/ros2_ws/src/install/motor_control/lib/python3.10/site-packages/motor_control-0.0.0-py3.10.egg-info' (and everything under it)
[12.418s] Copying ../build/motor_control/motor_control.egg-info to /home/ubuntu/ros2_ws/src/install/motor_control/lib/python3.10/site-packages/motor_control-0.0.0-py3.10.egg-info
[12.426s] running install_scripts
[12.636s] writing list of installed files to '/home/ubuntu/ros2_ws/src/build/motor_control/install.log'
[12.919s] Invoked command in '/home/ubuntu/ros2_ws/src/motor_control' returned '0': PYTHONPATH=/home/ubuntu/ros2_ws/src/build/motor_control/prefix_override:/usr/lib/python3/dist-packages/colcon_core/task/python/colcon_distutils_commands:/home/ubuntu/ros2_ws/src/install/motor_control/lib/python3.10/site-packages:${PYTHONPATH} /usr/bin/python3 -W ignore:setup.py install is deprecated -W ignore:easy_install command is deprecated setup.py egg_info --egg-base ../build/motor_control build --build-base /home/ubuntu/ros2_ws/src/build/motor_control/build install --record /home/ubuntu/ros2_ws/src/build/motor_control/install.log --single-version-externally-managed install_data
