[4.484s] Invoking command in '/home/ubuntu/ros2_ws/src/motor_control': PYTHONPATH=/home/ubuntu/ros2_ws/build/motor_control/prefix_override:/usr/lib/python3/dist-packages/colcon_core/task/python/colcon_distutils_commands:/home/ubuntu/ros2_ws/install/motor_control/lib/python3.10/site-packages:${PYTHONPATH} /usr/bin/python3 -W ignore:setup.py install is deprecated -W ignore:easy_install command is deprecated setup.py egg_info --egg-base ../../build/motor_control build --build-base /home/ubuntu/ros2_ws/build/motor_control/build install --record /home/ubuntu/ros2_ws/build/motor_control/install.log --single-version-externally-managed install_data
[5.768s] running egg_info
[5.772s] writing ../../build/motor_control/motor_control.egg-info/PKG-INFO
[5.773s] writing dependency_links to ../../build/motor_control/motor_control.egg-info/dependency_links.txt
[5.774s] writing entry points to ../../build/motor_control/motor_control.egg-info/entry_points.txt
[5.775s] writing requirements to ../../build/motor_control/motor_control.egg-info/requires.txt
[5.777s] writing top-level names to ../../build/motor_control/motor_control.egg-info/top_level.txt
[5.787s] reading manifest file '../../build/motor_control/motor_control.egg-info/SOURCES.txt'
[5.792s] writing manifest file '../../build/motor_control/motor_control.egg-info/SOURCES.txt'
[5.793s] running build
[5.794s] running build_py
[5.795s] copying motor_control/motor_control.py -> /home/ubuntu/ros2_ws/build/motor_control/build/lib/motor_control
[5.797s] running install
[5.798s] running install_lib
[5.802s] copying /home/ubuntu/ros2_ws/build/motor_control/build/lib/motor_control/motor_control.py -> /home/ubuntu/ros2_ws/install/motor_control/lib/python3.10/site-packages/motor_control
[5.805s] byte-compiling /home/ubuntu/ros2_ws/install/motor_control/lib/python3.10/site-packages/motor_control/motor_control.py to motor_control.cpython-310.pyc
[5.809s] running install_data
[5.810s] running install_egg_info
[5.819s] removing '/home/ubuntu/ros2_ws/install/motor_control/lib/python3.10/site-packages/motor_control-0.0.0-py3.10.egg-info' (and everything under it)
[5.821s] Copying ../../build/motor_control/motor_control.egg-info to /home/ubuntu/ros2_ws/install/motor_control/lib/python3.10/site-packages/motor_control-0.0.0-py3.10.egg-info
[5.828s] running install_scripts
[5.933s] Installing motor_control script to /home/ubuntu/ros2_ws/install/motor_control/lib/motor_control
[5.936s] writing list of installed files to '/home/ubuntu/ros2_ws/build/motor_control/install.log'
[6.178s] Invoked command in '/home/ubuntu/ros2_ws/src/motor_control' returned '0': PYTHONPATH=/home/ubuntu/ros2_ws/build/motor_control/prefix_override:/usr/lib/python3/dist-packages/colcon_core/task/python/colcon_distutils_commands:/home/ubuntu/ros2_ws/install/motor_control/lib/python3.10/site-packages:${PYTHONPATH} /usr/bin/python3 -W ignore:setup.py install is deprecated -W ignore:easy_install command is deprecated setup.py egg_info --egg-base ../../build/motor_control build --build-base /home/ubuntu/ros2_ws/build/motor_control/build install --record /home/ubuntu/ros2_ws/build/motor_control/install.log --single-version-externally-managed install_data
