[6.636s] Invoking command in '/home/ubuntu/ros2_ws/src/motor_control': PYTHONPATH=/home/ubuntu/ros2_ws/src/build/motor_control/prefix_override:/usr/lib/python3/dist-packages/colcon_core/task/python/colcon_distutils_commands:/home/ubuntu/ros2_ws/src/install/motor_control/lib/python3.10/site-packages:${PYTHONPATH} /usr/bin/python3 -W ignore:setup.py install is deprecated -W ignore:easy_install command is deprecated setup.py egg_info --egg-base ../build/motor_control build --build-base /home/ubuntu/ros2_ws/src/build/motor_control/build install --record /home/ubuntu/ros2_ws/src/build/motor_control/install.log --single-version-externally-managed install_data
[9.177s] running egg_info
[9.184s] writing ../build/motor_control/motor_control.egg-info/PKG-INFO
[9.186s] writing dependency_links to ../build/motor_control/motor_control.egg-info/dependency_links.txt
[9.188s] writing entry points to ../build/motor_control/motor_control.egg-info/entry_points.txt
[9.190s] writing requirements to ../build/motor_control/motor_control.egg-info/requires.txt
[9.192s] writing top-level names to ../build/motor_control/motor_control.egg-info/top_level.txt
[9.212s] reading manifest file '../build/motor_control/motor_control.egg-info/SOURCES.txt'
[9.222s] writing manifest file '../build/motor_control/motor_control.egg-info/SOURCES.txt'
[9.224s] running build
[9.225s] running build_py
[9.226s] copying motor_control/motor_control.py -> /home/ubuntu/ros2_ws/src/build/motor_control/build/lib/motor_control
[9.230s] running install
[9.233s] running install_lib
[9.241s] copying /home/ubuntu/ros2_ws/src/build/motor_control/build/lib/motor_control/motor_control.py -> /home/ubuntu/ros2_ws/src/install/motor_control/lib/python3.10/site-packages/motor_control
[9.248s] byte-compiling /home/ubuntu/ros2_ws/src/install/motor_control/lib/python3.10/site-packages/motor_control/motor_control.py to motor_control.cpython-310.pyc
[9.254s] running install_data
[9.255s] running install_egg_info
[9.274s] removing '/home/ubuntu/ros2_ws/src/install/motor_control/lib/python3.10/site-packages/motor_control-0.0.0-py3.10.egg-info' (and everything under it)
[9.279s] Copying ../build/motor_control/motor_control.egg-info to /home/ubuntu/ros2_ws/src/install/motor_control/lib/python3.10/site-packages/motor_control-0.0.0-py3.10.egg-info
[9.293s] running install_scripts
[9.501s] Installing motor_control script to /home/ubuntu/ros2_ws/src/install/motor_control/lib/motor_control
[9.505s] writing list of installed files to '/home/ubuntu/ros2_ws/src/build/motor_control/install.log'
[9.733s] Invoked command in '/home/ubuntu/ros2_ws/src/motor_control' returned '0': PYTHONPATH=/home/ubuntu/ros2_ws/src/build/motor_control/prefix_override:/usr/lib/python3/dist-packages/colcon_core/task/python/colcon_distutils_commands:/home/ubuntu/ros2_ws/src/install/motor_control/lib/python3.10/site-packages:${PYTHONPATH} /usr/bin/python3 -W ignore:setup.py install is deprecated -W ignore:easy_install command is deprecated setup.py egg_info --egg-base ../build/motor_control build --build-base /home/ubuntu/ros2_ws/src/build/motor_control/build install --record /home/ubuntu/ros2_ws/src/build/motor_control/install.log --single-version-externally-managed install_data
