[0.965s] DEBUG:colcon:Command line arguments: ['/usr/bin/colcon', 'build', '--packages-select', 'motor_control']
[0.965s] DEBUG:colcon:Parsed command line arguments: Namespace(log_base=None, log_level=None, verb_name='build', build_base='build', install_base='install', merge_install=False, symlink_install=False, test_result_base=None, continue_on_error=False, executor='parallel', parallel_workers=4, event_handlers=None, ignore_user_meta=False, metas=['./colcon.meta'], base_paths=['.'], packages_ignore=None, packages_ignore_regex=None, paths=None, packages_up_to=None, packages_up_to_regex=None, packages_above=None, packages_above_and_dependencies=None, packages_above_depth=None, packages_select_by_dep=None, packages_skip_by_dep=None, packages_skip_up_to=None, packages_select_build_failed=False, packages_skip_build_finished=False, packages_select_test_failures=False, packages_skip_test_passed=False, packages_select=['motor_control'], packages_skip=None, packages_select_regex=None, packages_skip_regex=None, packages_start=None, packages_end=None, allow_overriding=[], cmake_args=None, cmake_target=None, cmake_target_skip_unavailable=False, cmake_clean_cache=False, cmake_clean_first=False, cmake_force_configure=False, ament_cmake_args=None, catkin_cmake_args=None, catkin_skip_building_tests=False, verb_parser=<colcon_defaults.argument_parser.defaults.DefaultArgumentsDecorator object at 0xffffa5b968c0>, verb_extension=<colcon_core.verb.build.BuildVerb object at 0xffffa5c8bd30>, main=<bound method BuildVerb.main of <colcon_core.verb.build.BuildVerb object at 0xffffa5c8bd30>>)
[2.912s] Level 1:colcon.colcon_core.package_discovery:discover_packages(colcon_meta) check parameters
[2.913s] Level 1:colcon.colcon_core.package_discovery:discover_packages(recursive) check parameters
[2.913s] Level 1:colcon.colcon_core.package_discovery:discover_packages(ignore) check parameters
[2.914s] Level 1:colcon.colcon_core.package_discovery:discover_packages(path) check parameters
[2.914s] Level 1:colcon.colcon_core.package_discovery:discover_packages(colcon_meta) discover
[2.915s] Level 1:colcon.colcon_core.package_discovery:discover_packages(recursive) discover
[2.915s] INFO:colcon.colcon_core.package_discovery:Crawling recursively for packages in '/home/ubuntu/ros2_ws/src'
[2.916s] Level 1:colcon.colcon_core.package_identification:_identify(.) by extensions ['ignore', 'ignore_ament_install']
[2.917s] Level 1:colcon.colcon_core.package_identification:_identify(.) by extension 'ignore'
[2.918s] Level 1:colcon.colcon_core.package_identification:_identify(.) by extension 'ignore_ament_install'
[2.918s] Level 1:colcon.colcon_core.package_identification:_identify(.) by extensions ['colcon_pkg']
[2.919s] Level 1:colcon.colcon_core.package_identification:_identify(.) by extension 'colcon_pkg'
[2.919s] Level 1:colcon.colcon_core.package_identification:_identify(.) by extensions ['colcon_meta']
[2.920s] Level 1:colcon.colcon_core.package_identification:_identify(.) by extension 'colcon_meta'
[2.920s] Level 1:colcon.colcon_core.package_identification:_identify(.) by extensions ['ros']
[2.920s] Level 1:colcon.colcon_core.package_identification:_identify(.) by extension 'ros'
[3.040s] Level 1:colcon.colcon_core.package_identification:_identify(.) by extensions ['cmake', 'python']
[3.040s] Level 1:colcon.colcon_core.package_identification:_identify(.) by extension 'cmake'
[3.041s] Level 1:colcon.colcon_core.package_identification:_identify(.) by extension 'python'
[3.041s] Level 1:colcon.colcon_core.package_identification:_identify(.) by extensions ['python_setup_py']
[3.042s] Level 1:colcon.colcon_core.package_identification:_identify(.) by extension 'python_setup_py'
[3.043s] Level 1:colcon.colcon_core.package_identification:_identify(build) by extensions ['ignore', 'ignore_ament_install']
[3.044s] Level 1:colcon.colcon_core.package_identification:_identify(build) by extension 'ignore'
[3.045s] Level 1:colcon.colcon_core.package_identification:_identify(build) ignored
[3.046s] Level 1:colcon.colcon_core.package_identification:_identify(install) by extensions ['ignore', 'ignore_ament_install']
[3.047s] Level 1:colcon.colcon_core.package_identification:_identify(install) by extension 'ignore'
[3.048s] Level 1:colcon.colcon_core.package_identification:_identify(install) ignored
[3.049s] Level 1:colcon.colcon_core.package_identification:_identify(log) by extensions ['ignore', 'ignore_ament_install']
[3.050s] Level 1:colcon.colcon_core.package_identification:_identify(log) by extension 'ignore'
[3.050s] Level 1:colcon.colcon_core.package_identification:_identify(log) ignored
[3.051s] Level 1:colcon.colcon_core.package_identification:_identify(motor_control) by extensions ['ignore', 'ignore_ament_install']
[3.052s] Level 1:colcon.colcon_core.package_identification:_identify(motor_control) by extension 'ignore'
[3.053s] Level 1:colcon.colcon_core.package_identification:_identify(motor_control) by extension 'ignore_ament_install'
[3.053s] Level 1:colcon.colcon_core.package_identification:_identify(motor_control) by extensions ['colcon_pkg']
[3.054s] Level 1:colcon.colcon_core.package_identification:_identify(motor_control) by extension 'colcon_pkg'
[3.054s] Level 1:colcon.colcon_core.package_identification:_identify(motor_control) by extensions ['colcon_meta']
[3.054s] Level 1:colcon.colcon_core.package_identification:_identify(motor_control) by extension 'colcon_meta'
[3.055s] Level 1:colcon.colcon_core.package_identification:_identify(motor_control) by extensions ['ros']
[3.055s] Level 1:colcon.colcon_core.package_identification:_identify(motor_control) by extension 'ros'
[3.090s] DEBUG:colcon.colcon_core.package_identification:Package 'motor_control' with type 'ros.ament_python' and name 'motor_control'
[3.091s] Level 1:colcon.colcon_core.package_identification:_identify(my_package) by extensions ['ignore', 'ignore_ament_install']
[3.092s] Level 1:colcon.colcon_core.package_identification:_identify(my_package) by extension 'ignore'
[3.093s] Level 1:colcon.colcon_core.package_identification:_identify(my_package) by extension 'ignore_ament_install'
[3.093s] Level 1:colcon.colcon_core.package_identification:_identify(my_package) by extensions ['colcon_pkg']
[3.094s] Level 1:colcon.colcon_core.package_identification:_identify(my_package) by extension 'colcon_pkg'
[3.094s] Level 1:colcon.colcon_core.package_identification:_identify(my_package) by extensions ['colcon_meta']
[3.095s] Level 1:colcon.colcon_core.package_identification:_identify(my_package) by extension 'colcon_meta'
[3.095s] Level 1:colcon.colcon_core.package_identification:_identify(my_package) by extensions ['ros']
[3.096s] Level 1:colcon.colcon_core.package_identification:_identify(my_package) by extension 'ros'
[3.102s] DEBUG:colcon.colcon_core.package_identification:Package 'my_package' with type 'ros.ament_python' and name 'my_package'
[3.103s] Level 1:colcon.colcon_core.package_discovery:discover_packages(recursive) using defaults
[3.103s] Level 1:colcon.colcon_core.package_discovery:discover_packages(ignore) discover
[3.104s] Level 1:colcon.colcon_core.package_discovery:discover_packages(ignore) using defaults
[3.104s] Level 1:colcon.colcon_core.package_discovery:discover_packages(path) discover
[3.104s] Level 1:colcon.colcon_core.package_discovery:discover_packages(path) using defaults
[3.308s] INFO:colcon.colcon_core.package_selection:Skipping not selected package 'my_package' in 'my_package'
[3.312s] Level 1:colcon.colcon_core.package_discovery:discover_packages(prefix_path) check parameters
[3.313s] Level 1:colcon.colcon_core.package_discovery:discover_packages(prefix_path) discover
[3.337s] DEBUG:colcon.colcon_installed_package_information.package_discovery:Found 2 installed packages in /home/ubuntu/ros2_ws/src/install
[3.342s] DEBUG:colcon.colcon_installed_package_information.package_discovery:Found 1 installed packages in /home/ubuntu/ros2_ws/install
[3.361s] DEBUG:colcon.colcon_installed_package_information.package_discovery:Found 184 installed packages in /opt/ros/humble
[3.374s] Level 1:colcon.colcon_core.package_discovery:discover_packages(prefix_path) using defaults
[3.582s] Level 5:colcon.colcon_core.verb:set package 'motor_control' build argument 'cmake_args' from command line to 'None'
[3.582s] Level 5:colcon.colcon_core.verb:set package 'motor_control' build argument 'cmake_target' from command line to 'None'
[3.582s] Level 5:colcon.colcon_core.verb:set package 'motor_control' build argument 'cmake_target_skip_unavailable' from command line to 'False'
[3.582s] Level 5:colcon.colcon_core.verb:set package 'motor_control' build argument 'cmake_clean_cache' from command line to 'False'
[3.582s] Level 5:colcon.colcon_core.verb:set package 'motor_control' build argument 'cmake_clean_first' from command line to 'False'
[3.582s] Level 5:colcon.colcon_core.verb:set package 'motor_control' build argument 'cmake_force_configure' from command line to 'False'
[3.583s] Level 5:colcon.colcon_core.verb:set package 'motor_control' build argument 'ament_cmake_args' from command line to 'None'
[3.583s] Level 5:colcon.colcon_core.verb:set package 'motor_control' build argument 'catkin_cmake_args' from command line to 'None'
[3.583s] Level 5:colcon.colcon_core.verb:set package 'motor_control' build argument 'catkin_skip_building_tests' from command line to 'False'
[3.583s] DEBUG:colcon.colcon_core.verb:Building package 'motor_control' with the following arguments: {'ament_cmake_args': None, 'build_base': '/home/ubuntu/ros2_ws/src/build/motor_control', 'catkin_cmake_args': None, 'catkin_skip_building_tests': False, 'cmake_args': None, 'cmake_clean_cache': False, 'cmake_clean_first': False, 'cmake_force_configure': False, 'cmake_target': None, 'cmake_target_skip_unavailable': False, 'install_base': '/home/ubuntu/ros2_ws/src/install/motor_control', 'merge_install': False, 'path': '/home/ubuntu/ros2_ws/src/motor_control', 'symlink_install': False, 'test_result_base': None}
[3.584s] INFO:colcon.colcon_core.executor:Executing jobs using 'parallel' executor
[3.587s] DEBUG:colcon.colcon_parallel_executor.executor.parallel:run_until_complete
[3.588s] INFO:colcon.colcon_ros.task.ament_python.build:Building ROS package in '/home/ubuntu/ros2_ws/src/motor_control' with build type 'ament_python'
[3.589s] Level 1:colcon.colcon_core.shell:create_environment_hook('motor_control', 'ament_prefix_path')
[3.606s] INFO:colcon.colcon_core.plugin_system:Skipping extension 'colcon_core.shell.bat': Not used on non-Windows systems
[3.608s] INFO:colcon.colcon_core.shell:Creating environment hook '/home/ubuntu/ros2_ws/src/install/motor_control/share/motor_control/hook/ament_prefix_path.ps1'
[3.616s] INFO:colcon.colcon_core.shell:Creating environment descriptor '/home/ubuntu/ros2_ws/src/install/motor_control/share/motor_control/hook/ament_prefix_path.dsv'
[3.621s] INFO:colcon.colcon_core.shell:Creating environment hook '/home/ubuntu/ros2_ws/src/install/motor_control/share/motor_control/hook/ament_prefix_path.sh'
[3.630s] INFO:colcon.colcon_core.shell:Skip shell extension 'powershell' for command environment: Not usable outside of PowerShell
[3.631s] DEBUG:colcon.colcon_core.shell:Skip shell extension 'dsv' for command environment
[6.402s] INFO:colcon.colcon_core.task.python.build:Building Python package in '/home/ubuntu/ros2_ws/src/motor_control'
[6.403s] INFO:colcon.colcon_core.shell:Skip shell extension 'powershell' for command environment: Not usable outside of PowerShell
[6.404s] DEBUG:colcon.colcon_core.shell:Skip shell extension 'dsv' for command environment
[10.197s] DEBUG:colcon.colcon_core.event_handler.log_command:Invoking command in '/home/ubuntu/ros2_ws/src/motor_control': PYTHONPATH=/home/ubuntu/ros2_ws/src/build/motor_control/prefix_override:/usr/lib/python3/dist-packages/colcon_core/task/python/colcon_distutils_commands:/home/ubuntu/ros2_ws/src/install/motor_control/lib/python3.10/site-packages:${PYTHONPATH} /usr/bin/python3 -W ignore:setup.py install is deprecated -W ignore:easy_install command is deprecated setup.py egg_info --egg-base ../build/motor_control build --build-base /home/ubuntu/ros2_ws/src/build/motor_control/build install --record /home/ubuntu/ros2_ws/src/build/motor_control/install.log --single-version-externally-managed install_data
[13.234s] DEBUG:colcon.colcon_core.event_handler.log_command:Invoked command in '/home/ubuntu/ros2_ws/src/motor_control' returned '0': PYTHONPATH=/home/ubuntu/ros2_ws/src/build/motor_control/prefix_override:/usr/lib/python3/dist-packages/colcon_core/task/python/colcon_distutils_commands:/home/ubuntu/ros2_ws/src/install/motor_control/lib/python3.10/site-packages:${PYTHONPATH} /usr/bin/python3 -W ignore:setup.py install is deprecated -W ignore:easy_install command is deprecated setup.py egg_info --egg-base ../build/motor_control build --build-base /home/ubuntu/ros2_ws/src/build/motor_control/build install --record /home/ubuntu/ros2_ws/src/build/motor_control/install.log --single-version-externally-managed install_data
[13.260s] Level 1:colcon.colcon_core.environment:checking '/home/ubuntu/ros2_ws/src/install/motor_control' for CMake module files
[13.266s] Level 1:colcon.colcon_core.environment:checking '/home/ubuntu/ros2_ws/src/install/motor_control' for CMake config files
[13.276s] Level 1:colcon.colcon_core.environment:checking '/home/ubuntu/ros2_ws/src/install/motor_control/lib'
[13.278s] Level 1:colcon.colcon_core.environment:checking '/home/ubuntu/ros2_ws/src/install/motor_control/bin'
[13.279s] Level 1:colcon.colcon_core.environment:checking '/home/ubuntu/ros2_ws/src/install/motor_control/lib/pkgconfig/motor_control.pc'
[13.281s] Level 1:colcon.colcon_core.environment:checking '/home/ubuntu/ros2_ws/src/install/motor_control/lib/python3.10/site-packages'
[13.282s] Level 1:colcon.colcon_core.shell:create_environment_hook('motor_control', 'pythonpath')
[13.284s] INFO:colcon.colcon_core.shell:Creating environment hook '/home/ubuntu/ros2_ws/src/install/motor_control/share/motor_control/hook/pythonpath.ps1'
[13.289s] INFO:colcon.colcon_core.shell:Creating environment descriptor '/home/ubuntu/ros2_ws/src/install/motor_control/share/motor_control/hook/pythonpath.dsv'
[13.293s] INFO:colcon.colcon_core.shell:Creating environment hook '/home/ubuntu/ros2_ws/src/install/motor_control/share/motor_control/hook/pythonpath.sh'
[13.300s] Level 1:colcon.colcon_core.environment:checking '/home/ubuntu/ros2_ws/src/install/motor_control/bin'
[13.301s] Level 1:colcon.colcon_core.environment:create_environment_scripts_only(motor_control)
[13.304s] INFO:colcon.colcon_core.shell:Creating package script '/home/ubuntu/ros2_ws/src/install/motor_control/share/motor_control/package.ps1'
[13.314s] INFO:colcon.colcon_core.shell:Creating package descriptor '/home/ubuntu/ros2_ws/src/install/motor_control/share/motor_control/package.dsv'
[13.321s] INFO:colcon.colcon_core.shell:Creating package script '/home/ubuntu/ros2_ws/src/install/motor_control/share/motor_control/package.sh'
[13.329s] INFO:colcon.colcon_core.shell:Creating package script '/home/ubuntu/ros2_ws/src/install/motor_control/share/motor_control/package.bash'
[13.338s] INFO:colcon.colcon_core.shell:Creating package script '/home/ubuntu/ros2_ws/src/install/motor_control/share/motor_control/package.zsh'
[13.347s] Level 1:colcon.colcon_core.environment:create_file_with_runtime_dependencies(/home/ubuntu/ros2_ws/src/install/motor_control/share/colcon-core/packages/motor_control)
[13.350s] DEBUG:colcon.colcon_parallel_executor.executor.parallel:closing loop
[13.354s] DEBUG:colcon.colcon_parallel_executor.executor.parallel:loop closed
[13.354s] DEBUG:colcon.colcon_parallel_executor.executor.parallel:run_until_complete finished with '0'
[13.355s] DEBUG:colcon.colcon_core.event_reactor:joining thread
[13.403s] INFO:colcon.colcon_core.plugin_system:Skipping extension 'colcon_notification.desktop_notification.notify_send': Could not find 'notify-send'
[13.404s] INFO:colcon.colcon_core.plugin_system:Skipping extension 'colcon_notification.desktop_notification.terminal_notifier': Not used on non-Darwin systems
[13.405s] INFO:colcon.colcon_core.plugin_system:Skipping extension 'colcon_notification.desktop_notification.win32': Not used on non-Windows systems
[13.405s] INFO:colcon.colcon_notification.desktop_notification:Sending desktop notification using 'notify2'
[13.415s] DEBUG:colcon.colcon_notification.desktop_notification.notify2:Failed to initialize notify2: org.freedesktop.DBus.Error.ServiceUnknown: The name org.freedesktop.Notifications was not provided by any .service files
[13.416s] DEBUG:colcon.colcon_core.event_reactor:joined thread
[13.418s] INFO:colcon.colcon_core.shell:Creating prefix script '/home/ubuntu/ros2_ws/src/install/local_setup.ps1'
[13.428s] INFO:colcon.colcon_core.shell:Creating prefix util module '/home/ubuntu/ros2_ws/src/install/_local_setup_util_ps1.py'
[13.444s] INFO:colcon.colcon_core.shell:Creating prefix chain script '/home/ubuntu/ros2_ws/src/install/setup.ps1'
[13.458s] INFO:colcon.colcon_core.shell:Creating prefix script '/home/ubuntu/ros2_ws/src/install/local_setup.sh'
[13.465s] INFO:colcon.colcon_core.shell:Creating prefix util module '/home/ubuntu/ros2_ws/src/install/_local_setup_util_sh.py'
[13.472s] INFO:colcon.colcon_core.shell:Creating prefix chain script '/home/ubuntu/ros2_ws/src/install/setup.sh'
[13.485s] INFO:colcon.colcon_core.shell:Creating prefix script '/home/ubuntu/ros2_ws/src/install/local_setup.bash'
[13.491s] INFO:colcon.colcon_core.shell:Creating prefix chain script '/home/ubuntu/ros2_ws/src/install/setup.bash'
[13.504s] INFO:colcon.colcon_core.shell:Creating prefix script '/home/ubuntu/ros2_ws/src/install/local_setup.zsh'
[13.510s] INFO:colcon.colcon_core.shell:Creating prefix chain script '/home/ubuntu/ros2_ws/src/install/setup.zsh'
