[9.532s] Invoking command in '/home/ubuntu/ros2_ws/src/my_package': PYTHONPATH=/home/ubuntu/ros2_ws/src/build/my_package/prefix_override:/usr/lib/python3/dist-packages/colcon_core/task/python/colcon_distutils_commands:/home/ubuntu/ros2_ws/src/install/my_package/lib/python3.10/site-packages:${PYTHONPATH} /usr/bin/python3 -W ignore:setup.py install is deprecated -W ignore:easy_install command is deprecated setup.py egg_info --egg-base ../build/my_package build --build-base /home/ubuntu/ros2_ws/src/build/my_package/build install --record /home/ubuntu/ros2_ws/src/build/my_package/install.log --single-version-externally-managed install_data
[12.305s] running egg_info
[12.307s] creating ../build/my_package/my_package.egg-info
[12.309s] writing ../build/my_package/my_package.egg-info/PKG-INFO
[12.310s] writing dependency_links to ../build/my_package/my_package.egg-info/dependency_links.txt
[12.311s] writing entry points to ../build/my_package/my_package.egg-info/entry_points.txt
[12.311s] writing requirements to ../build/my_package/my_package.egg-info/requires.txt
[12.312s] writing top-level names to ../build/my_package/my_package.egg-info/top_level.txt
[12.313s] writing manifest file '../build/my_package/my_package.egg-info/SOURCES.txt'
[12.322s] reading manifest file '../build/my_package/my_package.egg-info/SOURCES.txt'
[12.326s] writing manifest file '../build/my_package/my_package.egg-info/SOURCES.txt'
[12.327s] running build
[12.328s] running build_py
[12.329s] creating /home/ubuntu/ros2_ws/src/build/my_package/build
[12.329s] creating /home/ubuntu/ros2_ws/src/build/my_package/build/lib
[12.330s] creating /home/ubuntu/ros2_ws/src/build/my_package/build/lib/my_package
[12.330s] copying my_package/__init__.py -> /home/ubuntu/ros2_ws/src/build/my_package/build/lib/my_package
[12.332s] copying my_package/motor_listener.py -> /home/ubuntu/ros2_ws/src/build/my_package/build/lib/my_package
[12.333s] running install
[12.335s] running install_lib
[12.339s] creating /home/ubuntu/ros2_ws/src/install/my_package/lib/python3.10/site-packages/my_package
[12.339s] copying /home/ubuntu/ros2_ws/src/build/my_package/build/lib/my_package/__init__.py -> /home/ubuntu/ros2_ws/src/install/my_package/lib/python3.10/site-packages/my_package
[12.340s] copying /home/ubuntu/ros2_ws/src/build/my_package/build/lib/my_package/motor_listener.py -> /home/ubuntu/ros2_ws/src/install/my_package/lib/python3.10/site-packages/my_package
[12.343s] byte-compiling /home/ubuntu/ros2_ws/src/install/my_package/lib/python3.10/site-packages/my_package/__init__.py to __init__.cpython-310.pyc
[12.345s] byte-compiling /home/ubuntu/ros2_ws/src/install/my_package/lib/python3.10/site-packages/my_package/motor_listener.py to motor_listener.cpython-310.pyc
[12.352s] running install_data
[12.354s] creating /home/ubuntu/ros2_ws/src/install/my_package/share/ament_index
[12.355s] creating /home/ubuntu/ros2_ws/src/install/my_package/share/ament_index/resource_index
[12.358s] creating /home/ubuntu/ros2_ws/src/install/my_package/share/ament_index/resource_index/packages
[12.359s] copying resource/my_package -> /home/ubuntu/ros2_ws/src/install/my_package/share/ament_index/resource_index/packages
[12.360s] copying package.xml -> /home/ubuntu/ros2_ws/src/install/my_package/share/my_package
[12.362s] running install_egg_info
[12.379s] Copying ../build/my_package/my_package.egg-info to /home/ubuntu/ros2_ws/src/install/my_package/lib/python3.10/site-packages/my_package-0.0.0-py3.10.egg-info
[12.396s] running install_scripts
[12.647s] Installing motor_listener script to /home/ubuntu/ros2_ws/src/install/my_package/lib/my_package
[12.653s] writing list of installed files to '/home/ubuntu/ros2_ws/src/build/my_package/install.log'
[12.984s] Invoked command in '/home/ubuntu/ros2_ws/src/my_package' returned '0': PYTHONPATH=/home/ubuntu/ros2_ws/src/build/my_package/prefix_override:/usr/lib/python3/dist-packages/colcon_core/task/python/colcon_distutils_commands:/home/ubuntu/ros2_ws/src/install/my_package/lib/python3.10/site-packages:${PYTHONPATH} /usr/bin/python3 -W ignore:setup.py install is deprecated -W ignore:easy_install command is deprecated setup.py egg_info --egg-base ../build/my_package build --build-base /home/ubuntu/ros2_ws/src/build/my_package/build install --record /home/ubuntu/ros2_ws/src/build/my_package/install.log --single-version-externally-managed install_data
