[8.172s] Invoking command in '/home/ubuntu/ros2_ws/src/my_package': PYTHONPATH=/home/ubuntu/ros2_ws/build/my_package/prefix_override:/usr/lib/python3/dist-packages/colcon_core/task/python/colcon_distutils_commands:/home/ubuntu/ros2_ws/install/my_package/lib/python3.10/site-packages:${PYTHONPATH} /usr/bin/python3 -W ignore:setup.py install is deprecated -W ignore:easy_install command is deprecated setup.py egg_info --egg-base ../../build/my_package build --build-base /home/ubuntu/ros2_ws/build/my_package/build install --record /home/ubuntu/ros2_ws/build/my_package/install.log --single-version-externally-managed install_data
[11.121s] running egg_info
[11.123s] creating ../../build/my_package/my_package.egg-info
[11.124s] writing ../../build/my_package/my_package.egg-info/PKG-INFO
[11.125s] writing dependency_links to ../../build/my_package/my_package.egg-info/dependency_links.txt
[11.127s] writing entry points to ../../build/my_package/my_package.egg-info/entry_points.txt
[11.129s] writing requirements to ../../build/my_package/my_package.egg-info/requires.txt
[11.130s] writing top-level names to ../../build/my_package/my_package.egg-info/top_level.txt
[11.132s] writing manifest file '../../build/my_package/my_package.egg-info/SOURCES.txt'
[11.149s] reading manifest file '../../build/my_package/my_package.egg-info/SOURCES.txt'
[11.158s] writing manifest file '../../build/my_package/my_package.egg-info/SOURCES.txt'
[11.161s] running build
[11.163s] running build_py
[11.164s] creating /home/ubuntu/ros2_ws/build/my_package/build
[11.165s] creating /home/ubuntu/ros2_ws/build/my_package/build/lib
[11.167s] creating /home/ubuntu/ros2_ws/build/my_package/build/lib/my_package
[11.168s] copying my_package/__init__.py -> /home/ubuntu/ros2_ws/build/my_package/build/lib/my_package
[11.169s] running install
[11.170s] running install_lib
[11.179s] creating /home/ubuntu/ros2_ws/install/my_package/lib/python3.10/site-packages/my_package
[11.181s] copying /home/ubuntu/ros2_ws/build/my_package/build/lib/my_package/__init__.py -> /home/ubuntu/ros2_ws/install/my_package/lib/python3.10/site-packages/my_package
[11.187s] byte-compiling /home/ubuntu/ros2_ws/install/my_package/lib/python3.10/site-packages/my_package/__init__.py to __init__.cpython-310.pyc
[11.190s] running install_data
[11.192s] creating /home/ubuntu/ros2_ws/install/my_package/share/ament_index
[11.194s] creating /home/ubuntu/ros2_ws/install/my_package/share/ament_index/resource_index
[11.195s] creating /home/ubuntu/ros2_ws/install/my_package/share/ament_index/resource_index/packages
[11.197s] copying resource/my_package -> /home/ubuntu/ros2_ws/install/my_package/share/ament_index/resource_index/packages
[11.198s] copying package.xml -> /home/ubuntu/ros2_ws/install/my_package/share/my_package
[11.199s] running install_egg_info
[11.216s] Copying ../../build/my_package/my_package.egg-info to /home/ubuntu/ros2_ws/install/my_package/lib/python3.10/site-packages/my_package-0.0.0-py3.10.egg-info
[11.232s] running install_scripts
[11.454s] writing list of installed files to '/home/ubuntu/ros2_ws/build/my_package/install.log'
[11.699s] Invoked command in '/home/ubuntu/ros2_ws/src/my_package' returned '0': PYTHONPATH=/home/ubuntu/ros2_ws/build/my_package/prefix_override:/usr/lib/python3/dist-packages/colcon_core/task/python/colcon_distutils_commands:/home/ubuntu/ros2_ws/install/my_package/lib/python3.10/site-packages:${PYTHONPATH} /usr/bin/python3 -W ignore:setup.py install is deprecated -W ignore:easy_install command is deprecated setup.py egg_info --egg-base ../../build/my_package build --build-base /home/ubuntu/ros2_ws/build/my_package/build install --record /home/ubuntu/ros2_ws/build/my_package/install.log --single-version-externally-managed install_data
