[0.684s] DEBUG:colcon:Command line arguments: ['/usr/bin/colcon', 'build', '--packages-select', 'motor_control']
[0.685s] DEBUG:colcon:Parsed command line arguments: Namespace(log_base=None, log_level=None, verb_name='build', build_base='build', install_base='install', merge_install=False, symlink_install=False, test_result_base=None, continue_on_error=False, executor='parallel', parallel_workers=4, event_handlers=None, ignore_user_meta=False, metas=['./colcon.meta'], base_paths=['.'], packages_ignore=None, packages_ignore_regex=None, paths=None, packages_up_to=None, packages_up_to_regex=None, packages_above=None, packages_above_and_dependencies=None, packages_above_depth=None, packages_select_by_dep=None, packages_skip_by_dep=None, packages_skip_up_to=None, packages_select_build_failed=False, packages_skip_build_finished=False, packages_select_test_failures=False, packages_skip_test_passed=False, packages_select=['motor_control'], packages_skip=None, packages_select_regex=None, packages_skip_regex=None, packages_start=None, packages_end=None, allow_overriding=[], cmake_args=None, cmake_target=None, cmake_target_skip_unavailable=False, cmake_clean_cache=False, cmake_clean_first=False, cmake_force_configure=False, ament_cmake_args=None, catkin_cmake_args=None, catkin_skip_building_tests=False, verb_parser=<colcon_defaults.argument_parser.defaults.DefaultArgumentsDecorator object at 0xffffbb77de70>, verb_extension=<colcon_core.verb.build.BuildVerb object at 0xffffbb86b2e0>, main=<bound method BuildVerb.main of <colcon_core.verb.build.BuildVerb object at 0xffffbb86b2e0>>)
[2.619s] Level 1:colcon.colcon_core.package_discovery:discover_packages(colcon_meta) check parameters
[2.620s] Level 1:colcon.colcon_core.package_discovery:discover_packages(recursive) check parameters
[2.621s] Level 1:colcon.colcon_core.package_discovery:discover_packages(ignore) check parameters
[2.621s] Level 1:colcon.colcon_core.package_discovery:discover_packages(path) check parameters
[2.621s] Level 1:colcon.colcon_core.package_discovery:discover_packages(colcon_meta) discover
[2.622s] Level 1:colcon.colcon_core.package_discovery:discover_packages(recursive) discover
[2.623s] INFO:colcon.colcon_core.package_discovery:Crawling recursively for packages in '/home/ubuntu/ros2_ws'
[2.624s] Level 1:colcon.colcon_core.package_identification:_identify(.) by extensions ['ignore', 'ignore_ament_install']
[2.624s] Level 1:colcon.colcon_core.package_identification:_identify(.) by extension 'ignore'
[2.625s] Level 1:colcon.colcon_core.package_identification:_identify(.) by extension 'ignore_ament_install'
[2.626s] Level 1:colcon.colcon_core.package_identification:_identify(.) by extensions ['colcon_pkg']
[2.626s] Level 1:colcon.colcon_core.package_identification:_identify(.) by extension 'colcon_pkg'
[2.627s] Level 1:colcon.colcon_core.package_identification:_identify(.) by extensions ['colcon_meta']
[2.627s] Level 1:colcon.colcon_core.package_identification:_identify(.) by extension 'colcon_meta'
[2.627s] Level 1:colcon.colcon_core.package_identification:_identify(.) by extensions ['ros']
[2.628s] Level 1:colcon.colcon_core.package_identification:_identify(.) by extension 'ros'
[2.747s] Level 1:colcon.colcon_core.package_identification:_identify(.) by extensions ['cmake', 'python']
[2.747s] Level 1:colcon.colcon_core.package_identification:_identify(.) by extension 'cmake'
[2.748s] Level 1:colcon.colcon_core.package_identification:_identify(.) by extension 'python'
[2.748s] Level 1:colcon.colcon_core.package_identification:_identify(.) by extensions ['python_setup_py']
[2.749s] Level 1:colcon.colcon_core.package_identification:_identify(.) by extension 'python_setup_py'
[2.750s] Level 1:colcon.colcon_core.package_identification:_identify(build) by extensions ['ignore', 'ignore_ament_install']
[2.751s] Level 1:colcon.colcon_core.package_identification:_identify(build) by extension 'ignore'
[2.751s] Level 1:colcon.colcon_core.package_identification:_identify(build) ignored
[2.753s] Level 1:colcon.colcon_core.package_identification:_identify(install) by extensions ['ignore', 'ignore_ament_install']
[2.754s] Level 1:colcon.colcon_core.package_identification:_identify(install) by extension 'ignore'
[2.755s] Level 1:colcon.colcon_core.package_identification:_identify(install) ignored
[2.756s] Level 1:colcon.colcon_core.package_identification:_identify(log) by extensions ['ignore', 'ignore_ament_install']
[2.757s] Level 1:colcon.colcon_core.package_identification:_identify(log) by extension 'ignore'
[2.757s] Level 1:colcon.colcon_core.package_identification:_identify(log) ignored
[2.758s] Level 1:colcon.colcon_core.package_identification:_identify(src) by extensions ['ignore', 'ignore_ament_install']
[2.759s] Level 1:colcon.colcon_core.package_identification:_identify(src) by extension 'ignore'
[2.760s] Level 1:colcon.colcon_core.package_identification:_identify(src) by extension 'ignore_ament_install'
[2.760s] Level 1:colcon.colcon_core.package_identification:_identify(src) by extensions ['colcon_pkg']
[2.761s] Level 1:colcon.colcon_core.package_identification:_identify(src) by extension 'colcon_pkg'
[2.761s] Level 1:colcon.colcon_core.package_identification:_identify(src) by extensions ['colcon_meta']
[2.762s] Level 1:colcon.colcon_core.package_identification:_identify(src) by extension 'colcon_meta'
[2.762s] Level 1:colcon.colcon_core.package_identification:_identify(src) by extensions ['ros']
[2.763s] Level 1:colcon.colcon_core.package_identification:_identify(src) by extension 'ros'
[2.763s] Level 1:colcon.colcon_core.package_identification:_identify(src) by extensions ['cmake', 'python']
[2.764s] Level 1:colcon.colcon_core.package_identification:_identify(src) by extension 'cmake'
[2.764s] Level 1:colcon.colcon_core.package_identification:_identify(src) by extension 'python'
[2.765s] Level 1:colcon.colcon_core.package_identification:_identify(src) by extensions ['python_setup_py']
[2.765s] Level 1:colcon.colcon_core.package_identification:_identify(src) by extension 'python_setup_py'
[2.766s] Level 1:colcon.colcon_core.package_identification:_identify(src/motor_control) by extensions ['ignore', 'ignore_ament_install']
[2.767s] Level 1:colcon.colcon_core.package_identification:_identify(src/motor_control) by extension 'ignore'
[2.768s] Level 1:colcon.colcon_core.package_identification:_identify(src/motor_control) by extension 'ignore_ament_install'
[2.768s] Level 1:colcon.colcon_core.package_identification:_identify(src/motor_control) by extensions ['colcon_pkg']
[2.769s] Level 1:colcon.colcon_core.package_identification:_identify(src/motor_control) by extension 'colcon_pkg'
[2.769s] Level 1:colcon.colcon_core.package_identification:_identify(src/motor_control) by extensions ['colcon_meta']
[2.770s] Level 1:colcon.colcon_core.package_identification:_identify(src/motor_control) by extension 'colcon_meta'
[2.770s] Level 1:colcon.colcon_core.package_identification:_identify(src/motor_control) by extensions ['ros']
[2.771s] Level 1:colcon.colcon_core.package_identification:_identify(src/motor_control) by extension 'ros'
[2.772s] Level 1:colcon.colcon_core.package_identification:_identify(src/motor_control) by extensions ['cmake', 'python']
[2.772s] Level 1:colcon.colcon_core.package_identification:_identify(src/motor_control) by extension 'cmake'
[2.773s] Level 1:colcon.colcon_core.package_identification:_identify(src/motor_control) by extension 'python'
[2.773s] Level 1:colcon.colcon_core.package_identification:_identify(src/motor_control) by extensions ['python_setup_py']
[2.773s] Level 1:colcon.colcon_core.package_identification:_identify(src/motor_control) by extension 'python_setup_py'
[2.775s] Level 1:colcon.colcon_core.package_identification:_identify(src/motor_control/motor_control) by extensions ['ignore', 'ignore_ament_install']
[2.776s] Level 1:colcon.colcon_core.package_identification:_identify(src/motor_control/motor_control) by extension 'ignore'
[2.776s] Level 1:colcon.colcon_core.package_identification:_identify(src/motor_control/motor_control) by extension 'ignore_ament_install'
[2.777s] Level 1:colcon.colcon_core.package_identification:_identify(src/motor_control/motor_control) by extensions ['colcon_pkg']
[2.777s] Level 1:colcon.colcon_core.package_identification:_identify(src/motor_control/motor_control) by extension 'colcon_pkg'
[2.778s] Level 1:colcon.colcon_core.package_identification:_identify(src/motor_control/motor_control) by extensions ['colcon_meta']
[2.778s] Level 1:colcon.colcon_core.package_identification:_identify(src/motor_control/motor_control) by extension 'colcon_meta'
[2.779s] Level 1:colcon.colcon_core.package_identification:_identify(src/motor_control/motor_control) by extensions ['ros']
[2.779s] Level 1:colcon.colcon_core.package_identification:_identify(src/motor_control/motor_control) by extension 'ros'
[2.780s] Level 1:colcon.colcon_core.package_identification:_identify(src/motor_control/motor_control) by extensions ['cmake', 'python']
[2.781s] Level 1:colcon.colcon_core.package_identification:_identify(src/motor_control/motor_control) by extension 'cmake'
[2.781s] Level 1:colcon.colcon_core.package_identification:_identify(src/motor_control/motor_control) by extension 'python'
[2.782s] Level 1:colcon.colcon_core.package_identification:_identify(src/motor_control/motor_control) by extensions ['python_setup_py']
[2.782s] Level 1:colcon.colcon_core.package_identification:_identify(src/motor_control/motor_control) by extension 'python_setup_py'
[2.783s] Level 1:colcon.colcon_core.package_identification:_identify(src/my_package) by extensions ['ignore', 'ignore_ament_install']
[2.784s] Level 1:colcon.colcon_core.package_identification:_identify(src/my_package) by extension 'ignore'
[2.785s] Level 1:colcon.colcon_core.package_identification:_identify(src/my_package) by extension 'ignore_ament_install'
[2.785s] Level 1:colcon.colcon_core.package_identification:_identify(src/my_package) by extensions ['colcon_pkg']
[2.786s] Level 1:colcon.colcon_core.package_identification:_identify(src/my_package) by extension 'colcon_pkg'
[2.786s] Level 1:colcon.colcon_core.package_identification:_identify(src/my_package) by extensions ['colcon_meta']
[2.787s] Level 1:colcon.colcon_core.package_identification:_identify(src/my_package) by extension 'colcon_meta'
[2.787s] Level 1:colcon.colcon_core.package_identification:_identify(src/my_package) by extensions ['ros']
[2.788s] Level 1:colcon.colcon_core.package_identification:_identify(src/my_package) by extension 'ros'
[2.822s] DEBUG:colcon.colcon_core.package_identification:Package 'src/my_package' with type 'ros.ament_python' and name 'my_package'
[2.822s] Level 1:colcon.colcon_core.package_discovery:discover_packages(recursive) using defaults
[2.823s] Level 1:colcon.colcon_core.package_discovery:discover_packages(ignore) discover
[2.823s] Level 1:colcon.colcon_core.package_discovery:discover_packages(ignore) using defaults
[2.823s] Level 1:colcon.colcon_core.package_discovery:discover_packages(path) discover
[2.824s] Level 1:colcon.colcon_core.package_discovery:discover_packages(path) using defaults
[2.826s] WARNING:colcon.colcon_core.package_selection:ignoring unknown package 'motor_control' in --packages-select
[3.022s] INFO:colcon.colcon_core.package_selection:Skipping not selected package 'my_package' in 'src/my_package'
[3.027s] Level 1:colcon.colcon_core.package_discovery:discover_packages(prefix_path) check parameters
[3.027s] Level 1:colcon.colcon_core.package_discovery:discover_packages(prefix_path) discover
[3.047s] DEBUG:colcon.colcon_installed_package_information.package_discovery:Found 1 installed packages in /home/ubuntu/ros2_ws/install
[3.065s] DEBUG:colcon.colcon_installed_package_information.package_discovery:Found 184 installed packages in /opt/ros/humble
[3.079s] Level 1:colcon.colcon_core.package_discovery:discover_packages(prefix_path) using defaults
[3.476s] INFO:colcon.colcon_core.executor:Executing jobs using 'parallel' executor
[3.484s] DEBUG:colcon.colcon_parallel_executor.executor.parallel:run_until_complete
[3.485s] DEBUG:colcon.colcon_parallel_executor.executor.parallel:closing loop
[3.488s] DEBUG:colcon.colcon_parallel_executor.executor.parallel:loop closed
[3.488s] DEBUG:colcon.colcon_parallel_executor.executor.parallel:run_until_complete finished with '0'
[3.489s] DEBUG:colcon.colcon_core.event_reactor:joining thread
[3.523s] INFO:colcon.colcon_core.plugin_system:Skipping extension 'colcon_notification.desktop_notification.notify_send': Could not find 'notify-send'
[3.524s] INFO:colcon.colcon_core.plugin_system:Skipping extension 'colcon_notification.desktop_notification.terminal_notifier': Not used on non-Darwin systems
[3.524s] INFO:colcon.colcon_core.plugin_system:Skipping extension 'colcon_notification.desktop_notification.win32': Not used on non-Windows systems
[3.524s] INFO:colcon.colcon_notification.desktop_notification:Sending desktop notification using 'notify2'
[3.528s] DEBUG:colcon.colcon_notification.desktop_notification.notify2:Failed to initialize notify2: org.freedesktop.DBus.Error.ServiceUnknown: The name org.freedesktop.Notifications was not provided by any .service files
[3.529s] DEBUG:colcon.colcon_core.event_reactor:joined thread
[3.538s] INFO:colcon.colcon_core.plugin_system:Skipping extension 'colcon_core.shell.bat': Not used on non-Windows systems
[3.540s] INFO:colcon.colcon_core.shell:Creating prefix script '/home/ubuntu/ros2_ws/install/local_setup.ps1'
[3.546s] INFO:colcon.colcon_core.shell:Creating prefix util module '/home/ubuntu/ros2_ws/install/_local_setup_util_ps1.py'
[3.553s] INFO:colcon.colcon_core.shell:Creating prefix chain script '/home/ubuntu/ros2_ws/install/setup.ps1'
[3.558s] INFO:colcon.colcon_core.shell:Creating prefix script '/home/ubuntu/ros2_ws/install/local_setup.sh'
[3.561s] INFO:colcon.colcon_core.shell:Creating prefix util module '/home/ubuntu/ros2_ws/install/_local_setup_util_sh.py'
[3.564s] INFO:colcon.colcon_core.shell:Creating prefix chain script '/home/ubuntu/ros2_ws/install/setup.sh'
[3.569s] INFO:colcon.colcon_core.shell:Creating prefix script '/home/ubuntu/ros2_ws/install/local_setup.bash'
[3.572s] INFO:colcon.colcon_core.shell:Creating prefix chain script '/home/ubuntu/ros2_ws/install/setup.bash'
[3.577s] INFO:colcon.colcon_core.shell:Creating prefix script '/home/ubuntu/ros2_ws/install/local_setup.zsh'
[3.579s] INFO:colcon.colcon_core.shell:Creating prefix chain script '/home/ubuntu/ros2_ws/install/setup.zsh'
