[6.068s] Invoking command in '/home/ubuntu/ros2_ws/src/motor_control': PYTHONPATH=/home/ubuntu/ros2_ws/build/motor_control/prefix_override:/usr/lib/python3/dist-packages/colcon_core/task/python/colcon_distutils_commands:/home/ubuntu/ros2_ws/install/motor_control/lib/python3.10/site-packages:${PYTHONPATH} /usr/bin/python3 -W ignore:setup.py install is deprecated -W ignore:easy_install command is deprecated setup.py egg_info --egg-base ../../build/motor_control build --build-base /home/ubuntu/ros2_ws/build/motor_control/build install --record /home/ubuntu/ros2_ws/build/motor_control/install.log --single-version-externally-managed install_data
[8.349s] running egg_info
[8.355s] writing ../../build/motor_control/motor_control.egg-info/PKG-INFO
[8.357s] writing dependency_links to ../../build/motor_control/motor_control.egg-info/dependency_links.txt
[8.359s] writing entry points to ../../build/motor_control/motor_control.egg-info/entry_points.txt
[8.361s] writing requirements to ../../build/motor_control/motor_control.egg-info/requires.txt
[8.363s] writing top-level names to ../../build/motor_control/motor_control.egg-info/top_level.txt
[8.381s] reading manifest file '../../build/motor_control/motor_control.egg-info/SOURCES.txt'
[8.391s] writing manifest file '../../build/motor_control/motor_control.egg-info/SOURCES.txt'
[8.393s] running build
[8.394s] running build_py
[8.397s] copying motor_control/motor_control.py -> /home/ubuntu/ros2_ws/build/motor_control/build/lib/motor_control
[8.400s] running install
[8.403s] running install_lib
[8.412s] copying /home/ubuntu/ros2_ws/build/motor_control/build/lib/motor_control/motor_control.py -> /home/ubuntu/ros2_ws/install/motor_control/lib/python3.10/site-packages/motor_control
[8.418s] byte-compiling /home/ubuntu/ros2_ws/install/motor_control/lib/python3.10/site-packages/motor_control/motor_control.py to motor_control.cpython-310.pyc
[8.424s]   File "/home/ubuntu/ros2_ws/install/motor_control/lib/python3.10/site-packages/motor_control/motor_control.py", line 35
[8.425s]     elif command = "led_off":
[8.426s]          ^^^^^^^^^^^^^^^^^^^
[8.427s] SyntaxError: invalid syntax. Maybe you meant '==' or ':=' instead of '='?
[8.428s] 
[8.429s] running install_data
[8.429s] running install_egg_info
[8.443s] removing '/home/ubuntu/ros2_ws/install/motor_control/lib/python3.10/site-packages/motor_control-0.0.0-py3.10.egg-info' (and everything under it)
[8.448s] Copying ../../build/motor_control/motor_control.egg-info to /home/ubuntu/ros2_ws/install/motor_control/lib/python3.10/site-packages/motor_control-0.0.0-py3.10.egg-info
[8.462s] running install_scripts
[8.667s] Installing motor_control script to /home/ubuntu/ros2_ws/install/motor_control/lib/motor_control
[8.671s] writing list of installed files to '/home/ubuntu/ros2_ws/build/motor_control/install.log'
[8.894s] Invoked command in '/home/ubuntu/ros2_ws/src/motor_control' returned '0': PYTHONPATH=/home/ubuntu/ros2_ws/build/motor_control/prefix_override:/usr/lib/python3/dist-packages/colcon_core/task/python/colcon_distutils_commands:/home/ubuntu/ros2_ws/install/motor_control/lib/python3.10/site-packages:${PYTHONPATH} /usr/bin/python3 -W ignore:setup.py install is deprecated -W ignore:easy_install command is deprecated setup.py egg_info --egg-base ../../build/motor_control build --build-base /home/ubuntu/ros2_ws/build/motor_control/build install --record /home/ubuntu/ros2_ws/build/motor_control/install.log --single-version-externally-managed install_data
