[6.459s] Invoking command in '/home/ubuntu/ros2_ws/src/motor_control': PYTHONPATH=/home/ubuntu/ros2_ws/src/build/motor_control/prefix_override:/usr/lib/python3/dist-packages/colcon_core/task/python/colcon_distutils_commands:/home/ubuntu/ros2_ws/src/install/motor_control/lib/python3.10/site-packages:${PYTHONPATH} /usr/bin/python3 -W ignore:setup.py install is deprecated -W ignore:easy_install command is deprecated setup.py egg_info --egg-base ../build/motor_control build --build-base /home/ubuntu/ros2_ws/src/build/motor_control/build install --record /home/ubuntu/ros2_ws/src/build/motor_control/install.log --single-version-externally-managed install_data
[8.688s] running egg_info
[8.694s] writing ../build/motor_control/motor_control.egg-info/PKG-INFO
[8.697s] writing dependency_links to ../build/motor_control/motor_control.egg-info/dependency_links.txt
[8.699s] writing entry points to ../build/motor_control/motor_control.egg-info/entry_points.txt
[8.701s] writing requirements to ../build/motor_control/motor_control.egg-info/requires.txt
[8.702s] writing top-level names to ../build/motor_control/motor_control.egg-info/top_level.txt
[8.722s] reading manifest file '../build/motor_control/motor_control.egg-info/SOURCES.txt'
[8.732s] writing manifest file '../build/motor_control/motor_control.egg-info/SOURCES.txt'
[8.734s] running build
[8.735s] running build_py
[8.736s] copying motor_control/motor_control.py -> /home/ubuntu/ros2_ws/src/build/motor_control/build/lib/motor_control
[8.740s] running install
[8.743s] running install_lib
[8.751s] copying /home/ubuntu/ros2_ws/src/build/motor_control/build/lib/motor_control/motor_control.py -> /home/ubuntu/ros2_ws/src/install/motor_control/lib/python3.10/site-packages/motor_control
[8.758s] byte-compiling /home/ubuntu/ros2_ws/src/install/motor_control/lib/python3.10/site-packages/motor_control/motor_control.py to motor_control.cpython-310.pyc
[8.764s] running install_data
[8.766s] running install_egg_info
[8.783s] removing '/home/ubuntu/ros2_ws/src/install/motor_control/lib/python3.10/site-packages/motor_control-0.0.0-py3.10.egg-info' (and everything under it)
[8.788s] Copying ../build/motor_control/motor_control.egg-info to /home/ubuntu/ros2_ws/src/install/motor_control/lib/python3.10/site-packages/motor_control-0.0.0-py3.10.egg-info
[8.803s] running install_scripts
[9.010s] Installing motor_control script to /home/ubuntu/ros2_ws/src/install/motor_control/lib/motor_control
[9.014s] writing list of installed files to '/home/ubuntu/ros2_ws/src/build/motor_control/install.log'
[9.238s] Invoked command in '/home/ubuntu/ros2_ws/src/motor_control' returned '0': PYTHONPATH=/home/ubuntu/ros2_ws/src/build/motor_control/prefix_override:/usr/lib/python3/dist-packages/colcon_core/task/python/colcon_distutils_commands:/home/ubuntu/ros2_ws/src/install/motor_control/lib/python3.10/site-packages:${PYTHONPATH} /usr/bin/python3 -W ignore:setup.py install is deprecated -W ignore:easy_install command is deprecated setup.py egg_info --egg-base ../build/motor_control build --build-base /home/ubuntu/ros2_ws/src/build/motor_control/build install --record /home/ubuntu/ros2_ws/src/build/motor_control/install.log --single-version-externally-managed install_data
