[6.676s] Invoking command in '/home/ubuntu/ros2_ws/src/motor_control': PYTHONPATH=/home/ubuntu/ros2_ws/src/build/motor_control/prefix_override:/usr/lib/python3/dist-packages/colcon_core/task/python/colcon_distutils_commands:/home/ubuntu/ros2_ws/src/install/motor_control/lib/python3.10/site-packages:${PYTHONPATH} /usr/bin/python3 -W ignore:setup.py install is deprecated -W ignore:easy_install command is deprecated setup.py egg_info --egg-base ../build/motor_control build --build-base /home/ubuntu/ros2_ws/src/build/motor_control/build install --record /home/ubuntu/ros2_ws/src/build/motor_control/install.log --single-version-externally-managed install_data
[9.335s] running egg_info
[9.341s] writing ../build/motor_control/motor_control.egg-info/PKG-INFO
[9.344s] writing dependency_links to ../build/motor_control/motor_control.egg-info/dependency_links.txt
[9.346s] writing entry points to ../build/motor_control/motor_control.egg-info/entry_points.txt
[9.348s] writing requirements to ../build/motor_control/motor_control.egg-info/requires.txt
[9.349s] writing top-level names to ../build/motor_control/motor_control.egg-info/top_level.txt
[9.369s] reading manifest file '../build/motor_control/motor_control.egg-info/SOURCES.txt'
[9.379s] writing manifest file '../build/motor_control/motor_control.egg-info/SOURCES.txt'
[9.380s] running build
[9.381s] running build_py
[9.383s] copying motor_control/motor_control.py -> /home/ubuntu/ros2_ws/src/build/motor_control/build/lib/motor_control
[9.386s] running install
[9.389s] running install_lib
[9.397s] copying /home/ubuntu/ros2_ws/src/build/motor_control/build/lib/motor_control/motor_control.py -> /home/ubuntu/ros2_ws/src/install/motor_control/lib/python3.10/site-packages/motor_control
[9.405s] byte-compiling /home/ubuntu/ros2_ws/src/install/motor_control/lib/python3.10/site-packages/motor_control/motor_control.py to motor_control.cpython-310.pyc
[9.412s] running install_data
[9.414s] running install_egg_info
[9.432s] removing '/home/ubuntu/ros2_ws/src/install/motor_control/lib/python3.10/site-packages/motor_control-0.0.0-py3.10.egg-info' (and everything under it)
[9.436s] Copying ../build/motor_control/motor_control.egg-info to /home/ubuntu/ros2_ws/src/install/motor_control/lib/python3.10/site-packages/motor_control-0.0.0-py3.10.egg-info
[9.451s] running install_scripts
[9.597s] Installing motor_control script to /home/ubuntu/ros2_ws/src/install/motor_control/lib/motor_control
[9.599s] writing list of installed files to '/home/ubuntu/ros2_ws/src/build/motor_control/install.log'
[9.786s] Invoked command in '/home/ubuntu/ros2_ws/src/motor_control' returned '0': PYTHONPATH=/home/ubuntu/ros2_ws/src/build/motor_control/prefix_override:/usr/lib/python3/dist-packages/colcon_core/task/python/colcon_distutils_commands:/home/ubuntu/ros2_ws/src/install/motor_control/lib/python3.10/site-packages:${PYTHONPATH} /usr/bin/python3 -W ignore:setup.py install is deprecated -W ignore:easy_install command is deprecated setup.py egg_info --egg-base ../build/motor_control build --build-base /home/ubuntu/ros2_ws/src/build/motor_control/build install --record /home/ubuntu/ros2_ws/src/build/motor_control/install.log --single-version-externally-managed install_data
