[7.390s] Invoking command in '/home/ubuntu/ros2_ws/src/my_package': PYTHONPATH=/home/ubuntu/ros2_ws/build/my_package/prefix_override:/usr/lib/python3/dist-packages/colcon_core/task/python/colcon_distutils_commands:/home/ubuntu/ros2_ws/install/my_package/lib/python3.10/site-packages:${PYTHONPATH} /usr/bin/python3 -W ignore:setup.py install is deprecated -W ignore:easy_install command is deprecated setup.py egg_info --egg-base ../../build/my_package build --build-base /home/ubuntu/ros2_ws/build/my_package/build install --record /home/ubuntu/ros2_ws/build/my_package/install.log --single-version-externally-managed install_data
[10.336s] running egg_info
[10.343s] writing ../../build/my_package/my_package.egg-info/PKG-INFO
[10.345s] writing dependency_links to ../../build/my_package/my_package.egg-info/dependency_links.txt
[10.348s] writing entry points to ../../build/my_package/my_package.egg-info/entry_points.txt
[10.350s] writing requirements to ../../build/my_package/my_package.egg-info/requires.txt
[10.352s] writing top-level names to ../../build/my_package/my_package.egg-info/top_level.txt
[10.370s] reading manifest file '../../build/my_package/my_package.egg-info/SOURCES.txt'
[10.384s] writing manifest file '../../build/my_package/my_package.egg-info/SOURCES.txt'
[10.389s] running build
[10.392s] running build_py
[10.395s] copying my_package/__init__.py -> /home/ubuntu/ros2_ws/build/my_package/build/lib/my_package
[10.396s] running install
[10.399s] running install_lib
[10.408s] copying /home/ubuntu/ros2_ws/build/my_package/build/lib/my_package/__init__.py -> /home/ubuntu/ros2_ws/install/my_package/lib/python3.10/site-packages/my_package
[10.415s] byte-compiling /home/ubuntu/ros2_ws/install/my_package/lib/python3.10/site-packages/my_package/__init__.py to __init__.cpython-310.pyc
[10.420s] running install_data
[10.422s] running install_egg_info
[10.441s] removing '/home/ubuntu/ros2_ws/install/my_package/lib/python3.10/site-packages/my_package-0.0.0-py3.10.egg-info' (and everything under it)
[10.446s] Copying ../../build/my_package/my_package.egg-info to /home/ubuntu/ros2_ws/install/my_package/lib/python3.10/site-packages/my_package-0.0.0-py3.10.egg-info
[10.461s] running install_scripts
[10.683s] writing list of installed files to '/home/ubuntu/ros2_ws/build/my_package/install.log'
[10.927s] Invoked command in '/home/ubuntu/ros2_ws/src/my_package' returned '0': PYTHONPATH=/home/ubuntu/ros2_ws/build/my_package/prefix_override:/usr/lib/python3/dist-packages/colcon_core/task/python/colcon_distutils_commands:/home/ubuntu/ros2_ws/install/my_package/lib/python3.10/site-packages:${PYTHONPATH} /usr/bin/python3 -W ignore:setup.py install is deprecated -W ignore:easy_install command is deprecated setup.py egg_info --egg-base ../../build/my_package build --build-base /home/ubuntu/ros2_ws/build/my_package/build install --record /home/ubuntu/ros2_ws/build/my_package/install.log --single-version-externally-managed install_data
