[4.367s] Invoking command in '/home/ubuntu/ros2_ws/src/motor_control': PYTHONPATH=/home/ubuntu/ros2_ws/build/motor_control/prefix_override:/usr/lib/python3/dist-packages/colcon_core/task/python/colcon_distutils_commands:/home/ubuntu/ros2_ws/install/motor_control/lib/python3.10/site-packages:${PYTHONPATH} /usr/bin/python3 -W ignore:setup.py install is deprecated -W ignore:easy_install command is deprecated setup.py egg_info --egg-base ../../build/motor_control build --build-base /home/ubuntu/ros2_ws/build/motor_control/build install --record /home/ubuntu/ros2_ws/build/motor_control/install.log --single-version-externally-managed install_data
[5.468s] running egg_info
[5.471s] writing ../../build/motor_control/motor_control.egg-info/PKG-INFO
[5.472s] writing dependency_links to ../../build/motor_control/motor_control.egg-info/dependency_links.txt
[5.473s] writing entry points to ../../build/motor_control/motor_control.egg-info/entry_points.txt
[5.474s] writing requirements to ../../build/motor_control/motor_control.egg-info/requires.txt
[5.475s] writing top-level names to ../../build/motor_control/motor_control.egg-info/top_level.txt
[5.483s] reading manifest file '../../build/motor_control/motor_control.egg-info/SOURCES.txt'
[5.488s] writing manifest file '../../build/motor_control/motor_control.egg-info/SOURCES.txt'
[5.488s] running build
[5.489s] running build_py
[5.490s] copying motor_control/motor_control.py -> /home/ubuntu/ros2_ws/build/motor_control/build/lib/motor_control
[5.491s] running install
[5.493s] running install_lib
[5.497s] copying /home/ubuntu/ros2_ws/build/motor_control/build/lib/motor_control/motor_control.py -> /home/ubuntu/ros2_ws/install/motor_control/lib/python3.10/site-packages/motor_control
[5.500s] byte-compiling /home/ubuntu/ros2_ws/install/motor_control/lib/python3.10/site-packages/motor_control/motor_control.py to motor_control.cpython-310.pyc
[5.501s] Sorry: TabError: inconsistent use of tabs and spaces in indentation (motor_control.py, line 35)
[5.502s] running install_data
[5.502s] running install_egg_info
[5.510s] removing '/home/ubuntu/ros2_ws/install/motor_control/lib/python3.10/site-packages/motor_control-0.0.0-py3.10.egg-info' (and everything under it)
[5.512s] Copying ../../build/motor_control/motor_control.egg-info to /home/ubuntu/ros2_ws/install/motor_control/lib/python3.10/site-packages/motor_control-0.0.0-py3.10.egg-info
[5.517s] running install_scripts
[5.607s] Installing motor_control script to /home/ubuntu/ros2_ws/install/motor_control/lib/motor_control
[5.609s] writing list of installed files to '/home/ubuntu/ros2_ws/build/motor_control/install.log'
[5.735s] Invoked command in '/home/ubuntu/ros2_ws/src/motor_control' returned '0': PYTHONPATH=/home/ubuntu/ros2_ws/build/motor_control/prefix_override:/usr/lib/python3/dist-packages/colcon_core/task/python/colcon_distutils_commands:/home/ubuntu/ros2_ws/install/motor_control/lib/python3.10/site-packages:${PYTHONPATH} /usr/bin/python3 -W ignore:setup.py install is deprecated -W ignore:easy_install command is deprecated setup.py egg_info --egg-base ../../build/motor_control build --build-base /home/ubuntu/ros2_ws/build/motor_control/build install --record /home/ubuntu/ros2_ws/build/motor_control/install.log --single-version-externally-managed install_data
