[7.496s] Invoking command in '/home/ubuntu/ros2_ws/src/my_package': PYTHONPATH=/home/ubuntu/ros2_ws/build/my_package/prefix_override:/usr/lib/python3/dist-packages/colcon_core/task/python/colcon_distutils_commands:/home/ubuntu/ros2_ws/install/my_package/lib/python3.10/site-packages:${PYTHONPATH} /usr/bin/python3 -W ignore:setup.py install is deprecated -W ignore:easy_install command is deprecated setup.py egg_info --egg-base ../../build/my_package build --build-base /home/ubuntu/ros2_ws/build/my_package/build install --record /home/ubuntu/ros2_ws/build/my_package/install.log --single-version-externally-managed install_data
[10.407s] running egg_info
[10.415s] writing ../../build/my_package/my_package.egg-info/PKG-INFO
[10.419s] writing dependency_links to ../../build/my_package/my_package.egg-info/dependency_links.txt
[10.425s] writing entry points to ../../build/my_package/my_package.egg-info/entry_points.txt
[10.429s] writing requirements to ../../build/my_package/my_package.egg-info/requires.txt
[10.432s] writing top-level names to ../../build/my_package/my_package.egg-info/top_level.txt
[10.451s] reading manifest file '../../build/my_package/my_package.egg-info/SOURCES.txt'
[10.462s] writing manifest file '../../build/my_package/my_package.egg-info/SOURCES.txt'
[10.464s] running build
[10.465s] running build_py
[10.467s] running install
[10.471s] running install_lib
[10.485s] running install_data
[10.489s] running install_egg_info
[10.507s] removing '/home/ubuntu/ros2_ws/install/my_package/lib/python3.10/site-packages/my_package-0.0.0-py3.10.egg-info' (and everything under it)
[10.511s] Copying ../../build/my_package/my_package.egg-info to /home/ubuntu/ros2_ws/install/my_package/lib/python3.10/site-packages/my_package-0.0.0-py3.10.egg-info
[10.527s] running install_scripts
[10.746s] Installing motor_listener script to /home/ubuntu/ros2_ws/install/my_package/lib/my_package
[10.750s] writing list of installed files to '/home/ubuntu/ros2_ws/build/my_package/install.log'
[10.993s] Invoked command in '/home/ubuntu/ros2_ws/src/my_package' returned '0': PYTHONPATH=/home/ubuntu/ros2_ws/build/my_package/prefix_override:/usr/lib/python3/dist-packages/colcon_core/task/python/colcon_distutils_commands:/home/ubuntu/ros2_ws/install/my_package/lib/python3.10/site-packages:${PYTHONPATH} /usr/bin/python3 -W ignore:setup.py install is deprecated -W ignore:easy_install command is deprecated setup.py egg_info --egg-base ../../build/my_package build --build-base /home/ubuntu/ros2_ws/build/my_package/build install --record /home/ubuntu/ros2_ws/build/my_package/install.log --single-version-externally-managed install_data
