[4.618s] Invoking command in '/home/ubuntu/ros2_ws/src/motor_control': PYTHONPATH=/home/ubuntu/ros2_ws/build/motor_control/prefix_override:/usr/lib/python3/dist-packages/colcon_core/task/python/colcon_distutils_commands:/home/ubuntu/ros2_ws/install/motor_control/lib/python3.10/site-packages:${PYTHONPATH} /usr/bin/python3 -W ignore:setup.py install is deprecated -W ignore:easy_install command is deprecated setup.py egg_info --egg-base ../../build/motor_control build --build-base /home/ubuntu/ros2_ws/build/motor_control/build install --record /home/ubuntu/ros2_ws/build/motor_control/install.log --single-version-externally-managed install_data
[5.862s] running egg_info
[5.865s] writing ../../build/motor_control/motor_control.egg-info/PKG-INFO
[5.867s] writing dependency_links to ../../build/motor_control/motor_control.egg-info/dependency_links.txt
[5.869s] writing entry points to ../../build/motor_control/motor_control.egg-info/entry_points.txt
[5.870s] writing requirements to ../../build/motor_control/motor_control.egg-info/requires.txt
[5.871s] writing top-level names to ../../build/motor_control/motor_control.egg-info/top_level.txt
[5.881s] reading manifest file '../../build/motor_control/motor_control.egg-info/SOURCES.txt'
[5.888s] writing manifest file '../../build/motor_control/motor_control.egg-info/SOURCES.txt'
[5.888s] running build
[5.889s] running build_py
[5.890s] copying motor_control/motor_control.py -> /home/ubuntu/ros2_ws/build/motor_control/build/lib/motor_control
[5.891s] running install
[5.892s] running install_lib
[5.896s] copying /home/ubuntu/ros2_ws/build/motor_control/build/lib/motor_control/motor_control.py -> /home/ubuntu/ros2_ws/install/motor_control/lib/python3.10/site-packages/motor_control
[5.899s] byte-compiling /home/ubuntu/ros2_ws/install/motor_control/lib/python3.10/site-packages/motor_control/motor_control.py to motor_control.cpython-310.pyc
[5.903s] running install_data
[5.905s] running install_egg_info
[5.913s] removing '/home/ubuntu/ros2_ws/install/motor_control/lib/python3.10/site-packages/motor_control-0.0.0-py3.10.egg-info' (and everything under it)
[5.915s] Copying ../../build/motor_control/motor_control.egg-info to /home/ubuntu/ros2_ws/install/motor_control/lib/python3.10/site-packages/motor_control-0.0.0-py3.10.egg-info
[5.923s] running install_scripts
[6.027s] Installing motor_control script to /home/ubuntu/ros2_ws/install/motor_control/lib/motor_control
[6.031s] writing list of installed files to '/home/ubuntu/ros2_ws/build/motor_control/install.log'
[6.272s] Invoked command in '/home/ubuntu/ros2_ws/src/motor_control' returned '0': PYTHONPATH=/home/ubuntu/ros2_ws/build/motor_control/prefix_override:/usr/lib/python3/dist-packages/colcon_core/task/python/colcon_distutils_commands:/home/ubuntu/ros2_ws/install/motor_control/lib/python3.10/site-packages:${PYTHONPATH} /usr/bin/python3 -W ignore:setup.py install is deprecated -W ignore:easy_install command is deprecated setup.py egg_info --egg-base ../../build/motor_control build --build-base /home/ubuntu/ros2_ws/build/motor_control/build install --record /home/ubuntu/ros2_ws/build/motor_control/install.log --single-version-externally-managed install_data
